{"contracts\\interfaces\\IUniswapConnector03.sol":{"l":{},"path":"C:\\Users\\alexa\\OneDrive\\Documents\\Master\\Blockchain\\primitive-v1-connectors\\contracts\\interfaces\\IUniswapConnector03.sol","s":{},"b":{},"f":{},"fnMap":{},"statementMap":{},"branchMap":{}},"contracts\\interfaces\\IWETH.sol":{"l":{},"path":"C:\\Users\\alexa\\OneDrive\\Documents\\Master\\Blockchain\\primitive-v1-connectors\\contracts\\interfaces\\IWETH.sol","s":{},"b":{},"f":{},"fnMap":{},"statementMap":{},"branchMap":{}},"contracts\\interfaces\\IWethConnector01.sol":{"l":{},"path":"C:\\Users\\alexa\\OneDrive\\Documents\\Master\\Blockchain\\primitive-v1-connectors\\contracts\\interfaces\\IWethConnector01.sol","s":{},"b":{},"f":{},"fnMap":{},"statementMap":{},"branchMap":{}},"contracts\\libraries\\UniswapConnectorLib03.sol":{"l":{"61":5,"69":4,"70":4,"80":3,"83":3,"84":3,"114":7,"115":7,"120":7,"121":7,"123":7,"125":7,"129":7,"130":7,"137":7,"145":7,"148":7,"150":7,"157":7,"162":7,"164":7,"168":7,"174":7,"184":4,"185":4,"192":4,"201":7,"202":3,"208":7,"210":7,"213":7,"215":4,"216":3,"224":6,"225":3,"232":6,"233":6,"254":8,"255":8,"262":8,"264":8,"265":8,"269":8,"270":8,"276":8,"281":8,"288":8,"297":8,"300":8,"302":8,"310":8,"315":8,"318":8,"323":8,"331":8,"332":4,"337":8,"338":4,"343":8,"346":8,"352":4,"353":3,"361":7,"363":4,"364":3,"367":6,"399":5,"400":5,"401":5,"402":5,"403":5,"404":5,"408":5,"414":5,"420":5,"421":5,"423":5,"424":5,"427":5,"428":5,"429":5,"430":5,"433":5,"439":5,"440":5,"443":5,"453":3,"457":3,"458":3,"459":3,"462":3,"463":3,"470":3,"500":3,"502":3,"506":3,"507":3,"508":3,"512":3,"524":3,"525":3,"526":3,"527":3,"531":3,"538":3,"545":3,"549":3,"550":3,"575":4,"578":3,"580":3,"587":3},"path":"C:\\Users\\alexa\\OneDrive\\Documents\\Master\\Blockchain\\primitive-v1-connectors\\contracts\\libraries\\UniswapConnectorLib03.sol","s":{"1":5,"2":4,"3":4,"4":3,"5":3,"6":3,"7":7,"8":7,"9":7,"10":7,"11":7,"12":7,"13":7,"14":7,"15":7,"16":7,"17":7,"18":7,"19":7,"20":7,"21":7,"22":7,"23":4,"24":4,"25":4,"26":7,"27":3,"28":7,"29":7,"30":7,"31":4,"32":3,"33":6,"34":3,"35":6,"36":6,"37":8,"38":8,"39":8,"40":8,"41":8,"42":8,"43":8,"44":8,"45":8,"46":8,"47":8,"48":8,"49":8,"50":8,"51":8,"52":8,"53":8,"54":4,"55":8,"56":4,"57":8,"58":8,"59":4,"60":3,"61":7,"62":4,"63":3,"64":6,"65":5,"66":5,"67":5,"68":5,"69":5,"70":5,"71":5,"72":5,"73":5,"74":5,"75":5,"76":5,"77":5,"78":5,"79":5,"80":5,"81":5,"82":5,"83":3,"84":3,"85":3,"86":3,"87":3,"88":3,"89":3,"90":3,"91":3,"92":3,"93":3,"94":3,"95":3,"96":3,"97":3,"98":3,"99":3,"100":3,"101":3,"102":4,"103":3,"104":3,"105":3},"b":{"1":[3,0],"2":[7,0],"3":[7,0],"4":[7,0],"5":[4,3],"6":[3,4],"7":[4,3],"8":[3,1],"9":[3,3],"10":[8,0],"11":[8,0],"12":[8,0],"13":[4,4],"14":[4,4],"15":[4,4],"16":[3,1],"17":[4,3],"18":[3,1],"19":[3,0],"20":[3,1]},"f":{"1":5,"2":7,"3":8,"4":5,"5":3,"6":4},"fnMap":{"1":{"name":"mintShortOptionsThenSwapToTokens","line":50,"loc":{"start":{"line":50,"column":4},"end":{"line":85,"column":4}}},"2":{"name":"flashMintShortOptionsThenSwap","line":105,"loc":{"start":{"line":105,"column":4},"end":{"line":234,"column":4}}},"3":{"name":"flashCloseLongOptionsThenSwap","line":245,"loc":{"start":{"line":245,"column":4},"end":{"line":368,"column":4}}},"4":{"name":"addShortLiquidityWithUnderlying","line":383,"loc":{"start":{"line":383,"column":4},"end":{"line":471,"column":4}}},"5":{"name":"removeShortLiquidityThenCloseOptions","line":487,"loc":{"start":{"line":487,"column":4},"end":{"line":551,"column":4}}},"6":{"name":"_swapExactOptionsForTokens","line":565,"loc":{"start":{"line":565,"column":4},"end":{"line":588,"column":4}}}},"statementMap":{"1":{"start":{"line":61,"column":8},"end":{"line":61,"column":2863}},"2":{"start":{"line":69,"column":8},"end":{"line":69,"column":55}},"3":{"start":{"line":70,"column":8},"end":{"line":70,"column":3288}},"4":{"start":{"line":80,"column":8},"end":{"line":80,"column":42}},"5":{"start":{"line":83,"column":8},"end":{"line":83,"column":58}},"6":{"start":{"line":84,"column":8},"end":{"line":84,"column":22}},"7":{"start":{"line":114,"column":8},"end":{"line":114,"column":59}},"8":{"start":{"line":115,"column":8},"end":{"line":115,"column":49}},"9":{"start":{"line":120,"column":8},"end":{"line":120,"column":29}},"10":{"start":{"line":121,"column":8},"end":{"line":121,"column":29}},"11":{"start":{"line":123,"column":8},"end":{"line":123,"column":6006}},"12":{"start":{"line":125,"column":8},"end":{"line":125,"column":73}},"13":{"start":{"line":129,"column":8},"end":{"line":129,"column":77}},"14":{"start":{"line":130,"column":8},"end":{"line":130,"column":6454}},"15":{"start":{"line":137,"column":8},"end":{"line":137,"column":29}},"16":{"start":{"line":145,"column":8},"end":{"line":145,"column":47}},"17":{"start":{"line":150,"column":12},"end":{"line":150,"column":47}},"18":{"start":{"line":157,"column":12},"end":{"line":157,"column":8344}},"19":{"start":{"line":162,"column":12},"end":{"line":162,"column":50}},"20":{"start":{"line":164,"column":12},"end":{"line":164,"column":8714}},"21":{"start":{"line":168,"column":12},"end":{"line":168,"column":8955}},"22":{"start":{"line":174,"column":12},"end":{"line":174,"column":9283}},"23":{"start":{"line":184,"column":16},"end":{"line":184,"column":45}},"24":{"start":{"line":185,"column":16},"end":{"line":185,"column":10169}},"25":{"start":{"line":192,"column":16},"end":{"line":192,"column":10495}},"26":{"start":{"line":201,"column":12},"end":{"line":201,"column":10878}},"27":{"start":{"line":202,"column":16},"end":{"line":202,"column":10942}},"28":{"start":{"line":208,"column":8},"end":{"line":208,"column":66}},"29":{"start":{"line":210,"column":8},"end":{"line":210,"column":67}},"30":{"start":{"line":213,"column":8},"end":{"line":213,"column":11402}},"31":{"start":{"line":215,"column":12},"end":{"line":215,"column":71}},"32":{"start":{"line":216,"column":12},"end":{"line":216,"column":11626}},"33":{"start":{"line":224,"column":8},"end":{"line":224,"column":11880}},"34":{"start":{"line":225,"column":12},"end":{"line":225,"column":11940}},"35":{"start":{"line":232,"column":8},"end":{"line":232,"column":60}},"36":{"start":{"line":233,"column":8},"end":{"line":233,"column":45}},"37":{"start":{"line":254,"column":8},"end":{"line":254,"column":59}},"38":{"start":{"line":255,"column":8},"end":{"line":255,"column":49}},"39":{"start":{"line":262,"column":8},"end":{"line":262,"column":14063}},"40":{"start":{"line":264,"column":8},"end":{"line":264,"column":66}},"41":{"start":{"line":265,"column":8},"end":{"line":265,"column":65}},"42":{"start":{"line":269,"column":8},"end":{"line":269,"column":73}},"43":{"start":{"line":270,"column":8},"end":{"line":270,"column":14613}},"44":{"start":{"line":276,"column":8},"end":{"line":276,"column":14863}},"45":{"start":{"line":281,"column":8},"end":{"line":281,"column":14999}},"46":{"start":{"line":288,"column":8},"end":{"line":288,"column":29}},"47":{"start":{"line":297,"column":8},"end":{"line":297,"column":32}},"48":{"start":{"line":302,"column":12},"end":{"line":302,"column":47}},"49":{"start":{"line":310,"column":12},"end":{"line":310,"column":16919}},"50":{"start":{"line":315,"column":12},"end":{"line":315,"column":54}},"51":{"start":{"line":318,"column":12},"end":{"line":318,"column":17353}},"52":{"start":{"line":323,"column":12},"end":{"line":323,"column":17609}},"53":{"start":{"line":331,"column":12},"end":{"line":331,"column":18104}},"54":{"start":{"line":332,"column":16},"end":{"line":332,"column":54}},"55":{"start":{"line":337,"column":12},"end":{"line":337,"column":18420}},"56":{"start":{"line":338,"column":16},"end":{"line":338,"column":74}},"57":{"start":{"line":343,"column":8},"end":{"line":343,"column":75}},"58":{"start":{"line":346,"column":8},"end":{"line":346,"column":18805}},"59":{"start":{"line":352,"column":12},"end":{"line":352,"column":72}},"60":{"start":{"line":353,"column":12},"end":{"line":353,"column":19361}},"61":{"start":{"line":361,"column":8},"end":{"line":361,"column":19610}},"62":{"start":{"line":363,"column":12},"end":{"line":363,"column":74}},"63":{"start":{"line":364,"column":12},"end":{"line":364,"column":69}},"64":{"start":{"line":367,"column":8},"end":{"line":367,"column":52}},"65":{"start":{"line":399,"column":8},"end":{"line":399,"column":23}},"66":{"start":{"line":400,"column":8},"end":{"line":400,"column":23}},"67":{"start":{"line":401,"column":8},"end":{"line":401,"column":25}},"68":{"start":{"line":402,"column":8},"end":{"line":402,"column":29}},"69":{"start":{"line":404,"column":12},"end":{"line":404,"column":56}},"70":{"start":{"line":408,"column":12},"end":{"line":408,"column":21715}},"71":{"start":{"line":414,"column":12},"end":{"line":414,"column":21962}},"72":{"start":{"line":421,"column":12},"end":{"line":421,"column":47}},"73":{"start":{"line":423,"column":12},"end":{"line":423,"column":70}},"74":{"start":{"line":424,"column":12},"end":{"line":424,"column":22369}},"75":{"start":{"line":427,"column":12},"end":{"line":427,"column":44}},"76":{"start":{"line":428,"column":12},"end":{"line":428,"column":44}},"77":{"start":{"line":429,"column":12},"end":{"line":429,"column":28}},"78":{"start":{"line":430,"column":12},"end":{"line":430,"column":40}},"79":{"start":{"line":433,"column":12},"end":{"line":433,"column":22797}},"80":{"start":{"line":439,"column":12},"end":{"line":439,"column":69}},"81":{"start":{"line":440,"column":12},"end":{"line":440,"column":73}},"82":{"start":{"line":443,"column":12},"end":{"line":443,"column":23312}},"83":{"start":{"line":453,"column":12},"end":{"line":453,"column":43}},"84":{"start":{"line":458,"column":12},"end":{"line":458,"column":56}},"85":{"start":{"line":459,"column":12},"end":{"line":459,"column":23838}},"86":{"start":{"line":462,"column":12},"end":{"line":462,"column":23950}},"87":{"start":{"line":463,"column":16},"end":{"line":463,"column":23992}},"88":{"start":{"line":470,"column":8},"end":{"line":470,"column":44}},"89":{"start":{"line":500,"column":8},"end":{"line":500,"column":66}},"90":{"start":{"line":506,"column":12},"end":{"line":506,"column":74}},"91":{"start":{"line":507,"column":12},"end":{"line":507,"column":78}},"92":{"start":{"line":508,"column":12},"end":{"line":508,"column":61}},"93":{"start":{"line":512,"column":8},"end":{"line":512,"column":26484}},"94":{"start":{"line":525,"column":12},"end":{"line":525,"column":56}},"95":{"start":{"line":526,"column":12},"end":{"line":526,"column":77}},"96":{"start":{"line":527,"column":12},"end":{"line":527,"column":68}},"97":{"start":{"line":531,"column":12},"end":{"line":531,"column":27328}},"98":{"start":{"line":538,"column":12},"end":{"line":538,"column":27629}},"99":{"start":{"line":545,"column":12},"end":{"line":545,"column":70}},"100":{"start":{"line":549,"column":8},"end":{"line":549,"column":68}},"101":{"start":{"line":550,"column":8},"end":{"line":550,"column":54}},"102":{"start":{"line":575,"column":8},"end":{"line":575,"column":64}},"103":{"start":{"line":578,"column":8},"end":{"line":578,"column":65}},"104":{"start":{"line":580,"column":8},"end":{"line":580,"column":29737}},"105":{"start":{"line":587,"column":8},"end":{"line":587,"column":21}}},"branchMap":{"1":{"line":80,"type":"if","locations":[{"start":{"line":80,"column":8},"end":{"line":80,"column":8}},{"start":{"line":80,"column":8},"end":{"line":80,"column":8}}]},"2":{"line":114,"type":"if","locations":[{"start":{"line":114,"column":8},"end":{"line":114,"column":8}},{"start":{"line":114,"column":8},"end":{"line":114,"column":8}}]},"3":{"line":115,"type":"if","locations":[{"start":{"line":115,"column":8},"end":{"line":115,"column":8}},{"start":{"line":115,"column":8},"end":{"line":115,"column":8}}]},"4":{"line":125,"type":"if","locations":[{"start":{"line":125,"column":8},"end":{"line":125,"column":8}},{"start":{"line":125,"column":8},"end":{"line":125,"column":8}}]},"5":{"line":174,"type":"if","locations":[{"start":{"line":174,"column":12},"end":{"line":174,"column":12}},{"start":{"line":174,"column":12},"end":{"line":174,"column":12}}]},"6":{"line":201,"type":"if","locations":[{"start":{"line":201,"column":12},"end":{"line":201,"column":12}},{"start":{"line":201,"column":12},"end":{"line":201,"column":12}}]},"7":{"line":213,"type":"if","locations":[{"start":{"line":213,"column":8},"end":{"line":213,"column":8}},{"start":{"line":213,"column":8},"end":{"line":213,"column":8}}]},"8":{"line":215,"type":"if","locations":[{"start":{"line":215,"column":12},"end":{"line":215,"column":12}},{"start":{"line":215,"column":12},"end":{"line":215,"column":12}}]},"9":{"line":224,"type":"if","locations":[{"start":{"line":224,"column":8},"end":{"line":224,"column":8}},{"start":{"line":224,"column":8},"end":{"line":224,"column":8}}]},"10":{"line":254,"type":"if","locations":[{"start":{"line":254,"column":8},"end":{"line":254,"column":8}},{"start":{"line":254,"column":8},"end":{"line":254,"column":8}}]},"11":{"line":255,"type":"if","locations":[{"start":{"line":255,"column":8},"end":{"line":255,"column":8}},{"start":{"line":255,"column":8},"end":{"line":255,"column":8}}]},"12":{"line":265,"type":"if","locations":[{"start":{"line":265,"column":8},"end":{"line":265,"column":8}},{"start":{"line":265,"column":8},"end":{"line":265,"column":8}}]},"13":{"line":331,"type":"if","locations":[{"start":{"line":331,"column":12},"end":{"line":331,"column":12}},{"start":{"line":331,"column":12},"end":{"line":331,"column":12}}]},"14":{"line":337,"type":"if","locations":[{"start":{"line":337,"column":12},"end":{"line":337,"column":12}},{"start":{"line":337,"column":12},"end":{"line":337,"column":12}}]},"15":{"line":346,"type":"if","locations":[{"start":{"line":346,"column":8},"end":{"line":346,"column":8}},{"start":{"line":346,"column":8},"end":{"line":346,"column":8}}]},"16":{"line":352,"type":"if","locations":[{"start":{"line":352,"column":12},"end":{"line":352,"column":12}},{"start":{"line":352,"column":12},"end":{"line":352,"column":12}}]},"17":{"line":361,"type":"if","locations":[{"start":{"line":361,"column":8},"end":{"line":361,"column":8}},{"start":{"line":361,"column":8},"end":{"line":361,"column":8}}]},"18":{"line":363,"type":"if","locations":[{"start":{"line":363,"column":12},"end":{"line":363,"column":12}},{"start":{"line":363,"column":12},"end":{"line":363,"column":12}}]},"19":{"line":462,"type":"if","locations":[{"start":{"line":462,"column":12},"end":{"line":462,"column":12}},{"start":{"line":462,"column":12},"end":{"line":462,"column":12}}]},"20":{"line":575,"type":"if","locations":[{"start":{"line":575,"column":8},"end":{"line":575,"column":8}},{"start":{"line":575,"column":8},"end":{"line":575,"column":8}}]}}},"contracts\\libraries\\WethConnectorLib01.sol":{"l":{"30":732,"31":732,"48":631,"49":630,"52":630,"55":630,"58":627,"76":12,"77":12,"79":12,"85":12,"90":12,"96":12,"99":12,"107":12,"113":12,"132":23,"133":23,"134":23,"137":23,"144":22,"149":22,"155":21,"162":21,"170":21,"171":21,"178":21,"180":21,"198":11,"199":11,"202":11,"203":11,"209":10,"218":10,"221":9,"223":9,"251":23,"252":23,"255":23,"261":22,"266":22,"273":21,"278":21,"285":21,"286":21,"287":21,"292":21,"294":21,"320":32,"321":32,"325":32,"328":31,"333":31,"340":30,"347":30,"348":30,"349":30,"354":30,"355":30,"366":642,"369":642,"383":81,"386":81,"389":81},"path":"C:\\Users\\alexa\\OneDrive\\Documents\\Master\\Blockchain\\primitive-v1-connectors\\contracts\\libraries\\WethConnectorLib01.sol","s":{"1":732,"2":631,"3":630,"4":630,"5":630,"6":627,"7":12,"8":12,"9":12,"10":12,"11":12,"12":12,"13":12,"14":12,"15":12,"16":23,"17":23,"18":23,"19":23,"20":22,"21":22,"22":21,"23":21,"24":21,"25":21,"26":21,"27":21,"28":11,"29":11,"30":11,"31":11,"32":10,"33":10,"34":9,"35":9,"36":23,"37":23,"38":23,"39":22,"40":22,"41":21,"42":21,"43":21,"44":21,"45":21,"46":21,"47":21,"48":32,"49":32,"50":32,"51":31,"52":31,"53":30,"54":30,"55":30,"56":30,"57":30,"58":30,"59":642,"60":642,"61":81,"62":81,"63":81},"b":{"1":[732,0],"2":[630,0],"3":[12,0],"4":[12,0],"5":[23,0],"6":[22,1],"7":[21,1],"8":[11,0],"9":[10,1],"10":[23,0],"11":[22,1],"12":[21,1],"13":[32,0],"14":[31,1],"15":[30,1],"16":[81,0]},"f":{"1":732,"2":631,"3":12,"4":23,"5":11,"6":23,"7":32,"8":642,"9":81},"fnMap":{"1":{"name":"nonZero","line":29,"loc":{"start":{"line":29,"column":4},"end":{"line":32,"column":4}}},"2":{"name":"safeMintWithETH","line":46,"loc":{"start":{"line":42,"column":4},"end":{"line":59,"column":4}}},"3":{"name":"safeExerciseWithETH","line":74,"loc":{"start":{"line":70,"column":4},"end":{"line":114,"column":4}}},"4":{"name":"safeExerciseForETH","line":130,"loc":{"start":{"line":125,"column":4},"end":{"line":181,"column":4}}},"5":{"name":"safeRedeemForETH","line":196,"loc":{"start":{"line":191,"column":4},"end":{"line":224,"column":4}}},"6":{"name":"safeCloseForETH","line":243,"loc":{"start":{"line":236,"column":4},"end":{"line":295,"column":4}}},"7":{"name":"safeUnwindForETH","line":312,"loc":{"start":{"line":305,"column":4},"end":{"line":356,"column":4}}},"8":{"name":"_depositEthSendWeth","line":364,"loc":{"start":{"line":364,"column":4},"end":{"line":370,"column":4}}},"9":{"name":"_withdrawEthAndSend","line":377,"loc":{"start":{"line":377,"column":4},"end":{"line":390,"column":4}}}},"statementMap":{"1":{"start":{"line":30,"column":8},"end":{"line":30,"column":40}},"2":{"start":{"line":48,"column":8},"end":{"line":48,"column":75}},"3":{"start":{"line":49,"column":8},"end":{"line":49,"column":66}},"4":{"start":{"line":52,"column":8},"end":{"line":52,"column":54}},"5":{"start":{"line":55,"column":8},"end":{"line":55,"column":2347}},"6":{"start":{"line":58,"column":8},"end":{"line":58,"column":45}},"7":{"start":{"line":76,"column":8},"end":{"line":76,"column":67}},"8":{"start":{"line":77,"column":8},"end":{"line":77,"column":62}},"9":{"start":{"line":79,"column":8},"end":{"line":79,"column":40}},"10":{"start":{"line":85,"column":8},"end":{"line":85,"column":3947}},"11":{"start":{"line":90,"column":8},"end":{"line":90,"column":4163}},"12":{"start":{"line":96,"column":8},"end":{"line":96,"column":54}},"13":{"start":{"line":99,"column":8},"end":{"line":99,"column":4575}},"14":{"start":{"line":107,"column":8},"end":{"line":107,"column":4878}},"15":{"start":{"line":113,"column":8},"end":{"line":113,"column":43}},"16":{"start":{"line":132,"column":8},"end":{"line":132,"column":75}},"17":{"start":{"line":133,"column":8},"end":{"line":133,"column":67}},"18":{"start":{"line":134,"column":8},"end":{"line":134,"column":66}},"19":{"start":{"line":137,"column":8},"end":{"line":137,"column":6246}},"20":{"start":{"line":144,"column":8},"end":{"line":144,"column":6539}},"21":{"start":{"line":149,"column":8},"end":{"line":149,"column":6721}},"22":{"start":{"line":155,"column":8},"end":{"line":155,"column":6948}},"23":{"start":{"line":162,"column":8},"end":{"line":162,"column":7174}},"24":{"start":{"line":170,"column":8},"end":{"line":170,"column":28}},"25":{"start":{"line":171,"column":8},"end":{"line":171,"column":7494}},"26":{"start":{"line":178,"column":8},"end":{"line":178,"column":60}},"27":{"start":{"line":180,"column":8},"end":{"line":180,"column":43}},"28":{"start":{"line":198,"column":8},"end":{"line":198,"column":67}},"29":{"start":{"line":199,"column":8},"end":{"line":199,"column":62}},"30":{"start":{"line":202,"column":8},"end":{"line":202,"column":57}},"31":{"start":{"line":203,"column":8},"end":{"line":203,"column":8880}},"32":{"start":{"line":209,"column":8},"end":{"line":209,"column":9116}},"33":{"start":{"line":218,"column":8},"end":{"line":218,"column":76}},"34":{"start":{"line":221,"column":8},"end":{"line":221,"column":58}},"35":{"start":{"line":223,"column":8},"end":{"line":223,"column":27}},"36":{"start":{"line":251,"column":8},"end":{"line":251,"column":75}},"37":{"start":{"line":252,"column":8},"end":{"line":252,"column":66}},"38":{"start":{"line":255,"column":8},"end":{"line":255,"column":11154}},"39":{"start":{"line":261,"column":8},"end":{"line":261,"column":11410}},"40":{"start":{"line":266,"column":8},"end":{"line":266,"column":11596}},"41":{"start":{"line":273,"column":8},"end":{"line":273,"column":11845}},"42":{"start":{"line":278,"column":8},"end":{"line":278,"column":12004}},"43":{"start":{"line":285,"column":8},"end":{"line":285,"column":28}},"44":{"start":{"line":286,"column":8},"end":{"line":286,"column":30}},"45":{"start":{"line":287,"column":8},"end":{"line":287,"column":12334}},"46":{"start":{"line":292,"column":8},"end":{"line":292,"column":57}},"47":{"start":{"line":294,"column":8},"end":{"line":294,"column":59}},"48":{"start":{"line":320,"column":8},"end":{"line":320,"column":75}},"49":{"start":{"line":321,"column":8},"end":{"line":321,"column":66}},"50":{"start":{"line":325,"column":8},"end":{"line":325,"column":68}},"51":{"start":{"line":328,"column":8},"end":{"line":328,"column":14026}},"52":{"start":{"line":333,"column":8},"end":{"line":333,"column":14213}},"53":{"start":{"line":340,"column":8},"end":{"line":340,"column":14444}},"54":{"start":{"line":347,"column":8},"end":{"line":347,"column":28}},"55":{"start":{"line":348,"column":8},"end":{"line":348,"column":30}},"56":{"start":{"line":349,"column":8},"end":{"line":349,"column":14767}},"57":{"start":{"line":354,"column":8},"end":{"line":354,"column":58}},"58":{"start":{"line":355,"column":8},"end":{"line":355,"column":59}},"59":{"start":{"line":366,"column":8},"end":{"line":366,"column":36}},"60":{"start":{"line":369,"column":8},"end":{"line":369,"column":35}},"61":{"start":{"line":383,"column":8},"end":{"line":383,"column":30}},"62":{"start":{"line":386,"column":8},"end":{"line":386,"column":54}},"63":{"start":{"line":389,"column":8},"end":{"line":389,"column":44}}},"branchMap":{"1":{"line":30,"type":"if","locations":[{"start":{"line":30,"column":8},"end":{"line":30,"column":8}},{"start":{"line":30,"column":8},"end":{"line":30,"column":8}}]},"2":{"line":49,"type":"if","locations":[{"start":{"line":49,"column":8},"end":{"line":49,"column":8}},{"start":{"line":49,"column":8},"end":{"line":49,"column":8}}]},"3":{"line":77,"type":"if","locations":[{"start":{"line":77,"column":8},"end":{"line":77,"column":8}},{"start":{"line":77,"column":8},"end":{"line":77,"column":8}}]},"4":{"line":90,"type":"if","locations":[{"start":{"line":90,"column":8},"end":{"line":90,"column":8}},{"start":{"line":90,"column":8},"end":{"line":90,"column":8}}]},"5":{"line":134,"type":"if","locations":[{"start":{"line":134,"column":8},"end":{"line":134,"column":8}},{"start":{"line":134,"column":8},"end":{"line":134,"column":8}}]},"6":{"line":137,"type":"if","locations":[{"start":{"line":137,"column":8},"end":{"line":137,"column":8}},{"start":{"line":137,"column":8},"end":{"line":137,"column":8}}]},"7":{"line":149,"type":"if","locations":[{"start":{"line":149,"column":8},"end":{"line":149,"column":8}},{"start":{"line":149,"column":8},"end":{"line":149,"column":8}}]},"8":{"line":199,"type":"if","locations":[{"start":{"line":199,"column":8},"end":{"line":199,"column":8}},{"start":{"line":199,"column":8},"end":{"line":199,"column":8}}]},"9":{"line":203,"type":"if","locations":[{"start":{"line":203,"column":8},"end":{"line":203,"column":8}},{"start":{"line":203,"column":8},"end":{"line":203,"column":8}}]},"10":{"line":252,"type":"if","locations":[{"start":{"line":252,"column":8},"end":{"line":252,"column":8}},{"start":{"line":252,"column":8},"end":{"line":252,"column":8}}]},"11":{"line":255,"type":"if","locations":[{"start":{"line":255,"column":8},"end":{"line":255,"column":8}},{"start":{"line":255,"column":8},"end":{"line":255,"column":8}}]},"12":{"line":266,"type":"if","locations":[{"start":{"line":266,"column":8},"end":{"line":266,"column":8}},{"start":{"line":266,"column":8},"end":{"line":266,"column":8}}]},"13":{"line":321,"type":"if","locations":[{"start":{"line":321,"column":8},"end":{"line":321,"column":8}},{"start":{"line":321,"column":8},"end":{"line":321,"column":8}}]},"14":{"line":325,"type":"if","locations":[{"start":{"line":325,"column":8},"end":{"line":325,"column":8}},{"start":{"line":325,"column":8},"end":{"line":325,"column":8}}]},"15":{"line":333,"type":"if","locations":[{"start":{"line":333,"column":8},"end":{"line":333,"column":8}},{"start":{"line":333,"column":8},"end":{"line":333,"column":8}}]},"16":{"line":389,"type":"if","locations":[{"start":{"line":389,"column":8},"end":{"line":389,"column":8}},{"start":{"line":389,"column":8},"end":{"line":389,"column":8}}]}}},"contracts\\test\\TestERC20.sol":{"l":{"13":9,"23":9,"24":9},"path":"C:\\Users\\alexa\\OneDrive\\Documents\\Master\\Blockchain\\primitive-v1-connectors\\contracts\\test\\TestERC20.sol","s":{"1":9,"2":9,"3":9},"b":{},"f":{"1":9,"2":9},"fnMap":{"1":{"name":"constructor","line":12,"loc":{"start":{"line":8,"column":4},"end":{"line":14,"column":4}}},"2":{"name":"mint","line":22,"loc":{"start":{"line":22,"column":4},"end":{"line":25,"column":4}}}},"statementMap":{"1":{"start":{"line":13,"column":8},"end":{"line":13,"column":39}},"2":{"start":{"line":23,"column":8},"end":{"line":23,"column":23}},"3":{"start":{"line":24,"column":8},"end":{"line":24,"column":19}}},"branchMap":{}},"contracts\\UniswapConnector03.sol":{"l":{"56":4,"57":4,"58":4,"59":4,"60":4,"61":4,"62":4,"88":5,"97":3,"124":7,"134":6,"135":6,"154":8,"166":6,"167":6,"183":8,"184":8,"185":8,"190":8,"191":8,"192":8,"193":8,"195":8,"202":8,"214":8,"217":8,"222":8,"223":5,"239":8,"240":8,"241":8,"247":8,"248":8,"249":8,"250":8,"252":8,"259":8,"271":8,"272":8,"275":8,"276":5,"309":5,"344":3,"374":16,"375":15,"376":15,"377":15,"378":15,"393":3,"394":3,"406":1,"407":1,"408":1,"413":1,"418":1},"path":"C:\\Users\\alexa\\OneDrive\\Documents\\Master\\Blockchain\\primitive-v1-connectors\\contracts\\UniswapConnector03.sol","s":{"1":4,"2":4,"3":4,"4":4,"5":4,"6":4,"7":4,"8":5,"9":3,"10":7,"11":6,"12":6,"13":8,"14":6,"15":6,"16":8,"17":8,"18":8,"19":8,"20":8,"21":8,"22":8,"23":8,"24":8,"25":8,"26":8,"27":8,"28":5,"29":8,"30":8,"31":8,"32":8,"33":8,"34":8,"35":8,"36":8,"37":8,"38":8,"39":8,"40":8,"41":5,"42":5,"43":3,"44":16,"45":15,"46":15,"47":15,"48":15,"49":3,"50":3,"51":1,"52":1,"53":1,"54":1,"55":1},"b":{"1":[4,0],"2":[4,0],"3":[4,0],"4":[12,3],"5":[1,0]},"f":{"1":4,"2":5,"3":7,"4":8,"5":8,"6":8,"7":5,"8":3,"9":16,"10":3,"11":1,"12":1,"13":1},"fnMap":{"1":{"name":"constructor","line":51,"loc":{"start":{"line":51,"column":4},"end":{"line":63,"column":4}}},"2":{"name":"mintShortOptionsThenSwapToTokens","line":87,"loc":{"start":{"line":80,"column":4},"end":{"line":98,"column":4}}},"3":{"name":"flashMintShortOptionsThenSwap","line":116,"loc":{"start":{"line":116,"column":4},"end":{"line":136,"column":4}}},"4":{"name":"flashCloseLongOptionsThenSwap","line":146,"loc":{"start":{"line":146,"column":4},"end":{"line":168,"column":4}}},"5":{"name":"openFlashLong","line":182,"loc":{"start":{"line":178,"column":4},"end":{"line":224,"column":4}}},"6":{"name":"closeFlashLong","line":238,"loc":{"start":{"line":234,"column":4},"end":{"line":277,"column":4}}},"7":{"name":"addShortLiquidityWithUnderlying","line":302,"loc":{"start":{"line":292,"column":4},"end":{"line":319,"column":4}}},"8":{"name":"removeShortLiquidityThenCloseOptions","line":343,"loc":{"start":{"line":335,"column":4},"end":{"line":357,"column":4}}},"9":{"name":"uniswapV2Call","line":368,"loc":{"start":{"line":368,"column":4},"end":{"line":383,"column":4}}},"10":{"name":"deployUniswapMarket","line":388,"loc":{"start":{"line":388,"column":4},"end":{"line":395,"column":4}}},"11":{"name":"getUniswapMarketForTokens","line":400,"loc":{"start":{"line":400,"column":4},"end":{"line":409,"column":4}}},"12":{"name":"getName","line":412,"loc":{"start":{"line":412,"column":4},"end":{"line":414,"column":4}}},"13":{"name":"getVersion","line":417,"loc":{"start":{"line":417,"column":4},"end":{"line":419,"column":4}}}},"statementMap":{"1":{"start":{"line":56,"column":8},"end":{"line":56,"column":66}},"2":{"start":{"line":57,"column":8},"end":{"line":57,"column":67}},"3":{"start":{"line":58,"column":8},"end":{"line":58,"column":66}},"4":{"start":{"line":59,"column":8},"end":{"line":59,"column":43}},"5":{"start":{"line":60,"column":8},"end":{"line":60,"column":44}},"6":{"start":{"line":61,"column":8},"end":{"line":61,"column":32}},"7":{"start":{"line":62,"column":8},"end":{"line":62,"column":36}},"8":{"start":{"line":88,"column":8},"end":{"line":88,"column":3682}},"9":{"start":{"line":97,"column":8},"end":{"line":97,"column":22}},"10":{"start":{"line":124,"column":8},"end":{"line":124,"column":5374}},"11":{"start":{"line":134,"column":8},"end":{"line":134,"column":66}},"12":{"start":{"line":135,"column":8},"end":{"line":135,"column":45}},"13":{"start":{"line":154,"column":8},"end":{"line":154,"column":6901}},"14":{"start":{"line":166,"column":8},"end":{"line":166,"column":73}},"15":{"start":{"line":167,"column":8},"end":{"line":167,"column":52}},"16":{"start":{"line":183,"column":8},"end":{"line":183,"column":55}},"17":{"start":{"line":184,"column":8},"end":{"line":184,"column":73}},"18":{"start":{"line":185,"column":8},"end":{"line":185,"column":75}},"19":{"start":{"line":190,"column":8},"end":{"line":190,"column":48}},"20":{"start":{"line":191,"column":8},"end":{"line":191,"column":28}},"21":{"start":{"line":192,"column":8},"end":{"line":192,"column":32}},"22":{"start":{"line":193,"column":8},"end":{"line":193,"column":57}},"23":{"start":{"line":195,"column":8},"end":{"line":195,"column":8842}},"24":{"start":{"line":202,"column":8},"end":{"line":202,"column":9075}},"25":{"start":{"line":214,"column":8},"end":{"line":214,"column":9868}},"26":{"start":{"line":217,"column":8},"end":{"line":217,"column":9990}},"27":{"start":{"line":222,"column":8},"end":{"line":222,"column":63}},"28":{"start":{"line":223,"column":8},"end":{"line":223,"column":19}},"29":{"start":{"line":239,"column":8},"end":{"line":239,"column":55}},"30":{"start":{"line":240,"column":8},"end":{"line":240,"column":73}},"31":{"start":{"line":241,"column":8},"end":{"line":241,"column":75}},"32":{"start":{"line":247,"column":8},"end":{"line":247,"column":48}},"33":{"start":{"line":248,"column":8},"end":{"line":248,"column":32}},"34":{"start":{"line":249,"column":8},"end":{"line":249,"column":28}},"35":{"start":{"line":250,"column":8},"end":{"line":250,"column":57}},"36":{"start":{"line":252,"column":8},"end":{"line":252,"column":11711}},"37":{"start":{"line":259,"column":8},"end":{"line":259,"column":11944}},"38":{"start":{"line":271,"column":8},"end":{"line":271,"column":77}},"39":{"start":{"line":272,"column":8},"end":{"line":272,"column":77}},"40":{"start":{"line":275,"column":8},"end":{"line":275,"column":63}},"41":{"start":{"line":276,"column":8},"end":{"line":276,"column":19}},"42":{"start":{"line":309,"column":8},"end":{"line":309,"column":14415}},"43":{"start":{"line":344,"column":8},"end":{"line":344,"column":16197}},"44":{"start":{"line":374,"column":8},"end":{"line":374,"column":60}},"45":{"start":{"line":375,"column":8},"end":{"line":375,"column":60}},"46":{"start":{"line":376,"column":8},"end":{"line":376,"column":60}},"47":{"start":{"line":377,"column":8},"end":{"line":377,"column":74}},"48":{"start":{"line":378,"column":8},"end":{"line":378,"column":17593}},"49":{"start":{"line":393,"column":8},"end":{"line":393,"column":75}},"50":{"start":{"line":394,"column":8},"end":{"line":394,"column":26}},"51":{"start":{"line":406,"column":8},"end":{"line":406,"column":61}},"52":{"start":{"line":407,"column":8},"end":{"line":407,"column":70}},"53":{"start":{"line":408,"column":8},"end":{"line":408,"column":26}},"54":{"start":{"line":413,"column":8},"end":{"line":413,"column":46}},"55":{"start":{"line":418,"column":8},"end":{"line":418,"column":23}}},"branchMap":{"1":{"line":56,"type":"if","locations":[{"start":{"line":56,"column":8},"end":{"line":56,"column":8}},{"start":{"line":56,"column":8},"end":{"line":56,"column":8}}]},"2":{"line":57,"type":"if","locations":[{"start":{"line":57,"column":8},"end":{"line":57,"column":8}},{"start":{"line":57,"column":8},"end":{"line":57,"column":8}}]},"3":{"line":58,"type":"if","locations":[{"start":{"line":58,"column":8},"end":{"line":58,"column":8}},{"start":{"line":58,"column":8},"end":{"line":58,"column":8}}]},"4":{"line":378,"type":"if","locations":[{"start":{"line":378,"column":8},"end":{"line":378,"column":8}},{"start":{"line":378,"column":8},"end":{"line":378,"column":8}}]},"5":{"line":407,"type":"if","locations":[{"start":{"line":407,"column":8},"end":{"line":407,"column":8}},{"start":{"line":407,"column":8},"end":{"line":407,"column":8}}]}}},"contracts\\WethConnector01.sol":{"l":{"63":738,"64":732,"72":6,"80":81,"99":631,"101":627,"108":627,"128":12,"131":12,"138":12,"161":23,"164":21,"171":21,"187":11,"194":9,"199":9,"227":23,"237":21,"238":21,"264":32,"275":30,"280":30,"287":0,"292":0},"path":"C:\\Users\\alexa\\OneDrive\\Documents\\Master\\Blockchain\\primitive-v1-connectors\\contracts\\WethConnector01.sol","s":{"1":738,"2":6,"3":631,"4":627,"5":627,"6":12,"7":12,"8":12,"9":23,"10":21,"11":21,"12":11,"13":9,"14":9,"15":23,"16":21,"17":21,"18":32,"19":30,"20":30,"21":0,"22":0},"b":{"1":[732,6]},"f":{"1":738,"2":6,"3":631,"4":12,"5":23,"6":11,"7":23,"8":32,"9":0,"10":0},"fnMap":{"1":{"name":"nonZero","line":62,"loc":{"start":{"line":62,"column":4},"end":{"line":65,"column":4}}},"2":{"name":"constructor","line":71,"loc":{"start":{"line":71,"column":4},"end":{"line":73,"column":4}}},"3":{"name":"safeMintWithETH","line":96,"loc":{"start":{"line":91,"column":4},"end":{"line":109,"column":4}}},"4":{"name":"safeExerciseWithETH","line":125,"loc":{"start":{"line":120,"column":4},"end":{"line":139,"column":4}}},"5":{"name":"safeExerciseForETH","line":158,"loc":{"start":{"line":150,"column":4},"end":{"line":172,"column":4}}},"6":{"name":"safeRedeemForETH","line":186,"loc":{"start":{"line":182,"column":4},"end":{"line":200,"column":4}}},"7":{"name":"safeCloseForETH","line":220,"loc":{"start":{"line":212,"column":4},"end":{"line":239,"column":4}}},"8":{"name":"safeUnwindForETH","line":257,"loc":{"start":{"line":249,"column":4},"end":{"line":281,"column":4}}},"9":{"name":"getName","line":286,"loc":{"start":{"line":286,"column":4},"end":{"line":288,"column":4}}},"10":{"name":"getVersion","line":291,"loc":{"start":{"line":291,"column":4},"end":{"line":293,"column":4}}}},"statementMap":{"1":{"start":{"line":63,"column":8},"end":{"line":63,"column":40}},"2":{"start":{"line":72,"column":8},"end":{"line":72,"column":26}},"3":{"start":{"line":99,"column":8},"end":{"line":99,"column":3393}},"4":{"start":{"line":101,"column":8},"end":{"line":101,"column":3482}},"5":{"start":{"line":108,"column":8},"end":{"line":108,"column":45}},"6":{"start":{"line":128,"column":8},"end":{"line":128,"column":4541}},"7":{"start":{"line":131,"column":8},"end":{"line":131,"column":4630}},"8":{"start":{"line":138,"column":8},"end":{"line":138,"column":43}},"9":{"start":{"line":161,"column":8},"end":{"line":161,"column":5771}},"10":{"start":{"line":164,"column":8},"end":{"line":164,"column":5860}},"11":{"start":{"line":171,"column":8},"end":{"line":171,"column":43}},"12":{"start":{"line":187,"column":8},"end":{"line":187,"column":6769}},"13":{"start":{"line":194,"column":8},"end":{"line":194,"column":6948}},"14":{"start":{"line":199,"column":8},"end":{"line":199,"column":27}},"15":{"start":{"line":227,"column":8},"end":{"line":227,"column":8127}},"16":{"start":{"line":237,"column":8},"end":{"line":237,"column":79}},"17":{"start":{"line":238,"column":8},"end":{"line":238,"column":59}},"18":{"start":{"line":264,"column":8},"end":{"line":264,"column":9395}},"19":{"start":{"line":275,"column":8},"end":{"line":275,"column":9672}},"20":{"start":{"line":280,"column":8},"end":{"line":280,"column":59}},"21":{"start":{"line":287,"column":8},"end":{"line":287,"column":43}},"22":{"start":{"line":292,"column":8},"end":{"line":292,"column":23}}},"branchMap":{"1":{"line":63,"type":"if","locations":[{"start":{"line":63,"column":8},"end":{"line":63,"column":8}},{"start":{"line":63,"column":8},"end":{"line":63,"column":8}}]}}}}