{"contracts\\connectors\\PrimitiveConnector.sol":{"l":{"53":43,"54":43,"55":43,"64":597,"68":588,"84":227,"85":227,"86":227,"88":227,"98":139,"99":139,"100":139,"102":0,"109":168,"110":168,"112":143,"114":138,"116":127,"117":127,"119":25,"133":166,"134":166,"135":164,"137":0,"147":319,"148":319,"149":154,"150":146,"152":165,"168":368,"169":363,"170":356,"172":5,"181":43,"182":43,"183":43,"196":60,"197":60,"198":60,"211":13,"212":13,"217":13,"228":72,"229":72,"231":71,"232":70,"239":69,"240":65,"256":52,"257":52,"258":52,"259":48,"267":0,"268":0,"269":0,"282":227,"283":227,"284":226,"290":138,"299":0,"306":890,"313":0,"325":0},"path":"C:\\Users\\alexa\\OneDrive\\Documents\\Master\\Blockchain\\primitive-v1-connectors\\contracts\\connectors\\PrimitiveConnector.sol","s":{"1":43,"2":43,"3":43,"4":597,"5":227,"6":227,"7":227,"8":227,"9":139,"10":139,"11":139,"12":0,"13":168,"14":168,"15":143,"16":138,"17":127,"18":127,"19":25,"20":166,"21":166,"22":164,"23":0,"24":319,"25":319,"26":154,"27":146,"28":165,"29":368,"30":363,"31":356,"32":5,"33":43,"34":43,"35":43,"36":60,"37":60,"38":60,"39":13,"40":13,"41":13,"42":72,"43":72,"44":71,"45":70,"46":69,"47":65,"48":52,"49":52,"50":52,"51":48,"52":0,"53":0,"54":0,"55":227,"56":227,"57":226,"58":0,"59":890,"60":0,"61":0},"b":{"1":[588,9],"2":[227,0],"3":[139,0],"4":[143,25],"5":[127,0],"6":[166,0],"7":[154,165],"8":[363,5],"9":[13,0],"10":[70,0]},"f":{"1":43,"2":597,"3":227,"4":139,"5":168,"6":166,"7":319,"8":368,"9":43,"10":60,"11":13,"12":72,"13":52,"14":0,"15":227,"16":0,"17":890,"18":0,"19":0},"fnMap":{"1":{"name":"constructor","line":52,"loc":{"start":{"line":52,"column":4},"end":{"line":56,"column":4}}},"2":{"name":"onlyRegistered","line":63,"loc":{"start":{"line":63,"column":4},"end":{"line":69,"column":4}}},"3":{"name":"checkApproval","line":79,"loc":{"start":{"line":79,"column":4},"end":{"line":89,"column":4}}},"4":{"name":"_depositETH","line":97,"loc":{"start":{"line":97,"column":4},"end":{"line":103,"column":4}}},"5":{"name":"_withdrawETH","line":108,"loc":{"start":{"line":108,"column":4},"end":{"line":120,"column":4}}},"6":{"name":"_transferFromCaller","line":129,"loc":{"start":{"line":129,"column":4},"end":{"line":138,"column":4}}},"7":{"name":"_transferToCaller","line":146,"loc":{"start":{"line":146,"column":4},"end":{"line":153,"column":4}}},"8":{"name":"_transferFromCallerToReceiver","line":163,"loc":{"start":{"line":163,"column":4},"end":{"line":173,"column":4}}},"9":{"name":"_mintOptions","line":180,"loc":{"start":{"line":180,"column":4},"end":{"line":184,"column":4}}},"10":{"name":"_mintOptionsToReceiver","line":192,"loc":{"start":{"line":192,"column":4},"end":{"line":199,"column":4}}},"11":{"name":"_mintOptionsFromCaller","line":207,"loc":{"start":{"line":207,"column":4},"end":{"line":218,"column":4}}},"12":{"name":"_closeOptions","line":227,"loc":{"start":{"line":227,"column":4},"end":{"line":241,"column":4}}},"13":{"name":"_exerciseOptions","line":252,"loc":{"start":{"line":252,"column":4},"end":{"line":260,"column":4}}},"14":{"name":"_redeemOptions","line":266,"loc":{"start":{"line":266,"column":4},"end":{"line":270,"column":4}}},"15":{"name":"_transferBalanceToReceiver","line":278,"loc":{"start":{"line":278,"column":4},"end":{"line":285,"column":4}}},"16":{"name":"getWeth","line":298,"loc":{"start":{"line":298,"column":4},"end":{"line":300,"column":4}}},"17":{"name":"getCaller","line":305,"loc":{"start":{"line":305,"column":4},"end":{"line":307,"column":4}}},"18":{"name":"getPrimitiveRouter","line":312,"loc":{"start":{"line":312,"column":4},"end":{"line":314,"column":4}}},"19":{"name":"isApproved","line":319,"loc":{"start":{"line":319,"column":4},"end":{"line":326,"column":4}}}},"statementMap":{"1":{"start":{"line":53,"column":8},"end":{"line":53,"column":27}},"2":{"start":{"line":54,"column":8},"end":{"line":54,"column":60}},"3":{"start":{"line":55,"column":8},"end":{"line":55,"column":45}},"4":{"start":{"line":64,"column":8},"end":{"line":64,"column":2932}},"5":{"start":{"line":84,"column":8},"end":{"line":84,"column":3569}},"6":{"start":{"line":85,"column":12},"end":{"line":85,"column":58}},"7":{"start":{"line":86,"column":12},"end":{"line":86,"column":43}},"8":{"start":{"line":88,"column":8},"end":{"line":88,"column":19}},"9":{"start":{"line":98,"column":8},"end":{"line":98,"column":4007}},"10":{"start":{"line":99,"column":12},"end":{"line":99,"column":41}},"11":{"start":{"line":100,"column":12},"end":{"line":100,"column":23}},"12":{"start":{"line":102,"column":8},"end":{"line":102,"column":20}},"13":{"start":{"line":109,"column":8},"end":{"line":109,"column":74}},"14":{"start":{"line":110,"column":8},"end":{"line":110,"column":4405}},"15":{"start":{"line":112,"column":12},"end":{"line":112,"column":35}},"16":{"start":{"line":114,"column":12},"end":{"line":114,"column":67}},"17":{"start":{"line":116,"column":12},"end":{"line":116,"column":59}},"18":{"start":{"line":117,"column":12},"end":{"line":117,"column":26}},"19":{"start":{"line":119,"column":8},"end":{"line":119,"column":19}},"20":{"start":{"line":133,"column":8},"end":{"line":133,"column":5363}},"21":{"start":{"line":134,"column":12},"end":{"line":134,"column":63}},"22":{"start":{"line":135,"column":12},"end":{"line":135,"column":23}},"23":{"start":{"line":137,"column":8},"end":{"line":137,"column":20}},"24":{"start":{"line":147,"column":8},"end":{"line":147,"column":65}},"25":{"start":{"line":148,"column":8},"end":{"line":148,"column":5993}},"26":{"start":{"line":149,"column":12},"end":{"line":149,"column":60}},"27":{"start":{"line":150,"column":12},"end":{"line":150,"column":23}},"28":{"start":{"line":152,"column":8},"end":{"line":152,"column":20}},"29":{"start":{"line":168,"column":8},"end":{"line":168,"column":6791}},"30":{"start":{"line":169,"column":12},"end":{"line":169,"column":83}},"31":{"start":{"line":170,"column":12},"end":{"line":170,"column":23}},"32":{"start":{"line":172,"column":8},"end":{"line":172,"column":20}},"33":{"start":{"line":181,"column":8},"end":{"line":181,"column":68}},"34":{"start":{"line":182,"column":8},"end":{"line":182,"column":67}},"35":{"start":{"line":183,"column":8},"end":{"line":183,"column":53}},"36":{"start":{"line":196,"column":8},"end":{"line":196,"column":68}},"37":{"start":{"line":197,"column":8},"end":{"line":197,"column":67}},"38":{"start":{"line":198,"column":8},"end":{"line":198,"column":48}},"39":{"start":{"line":211,"column":8},"end":{"line":211,"column":40}},"40":{"start":{"line":212,"column":8},"end":{"line":212,"column":8759}},"41":{"start":{"line":217,"column":8},"end":{"line":217,"column":53}},"42":{"start":{"line":228,"column":8},"end":{"line":228,"column":50}},"43":{"start":{"line":229,"column":8},"end":{"line":229,"column":83}},"44":{"start":{"line":231,"column":8},"end":{"line":231,"column":9651}},"45":{"start":{"line":232,"column":12},"end":{"line":232,"column":9710}},"46":{"start":{"line":239,"column":8},"end":{"line":239,"column":81}},"47":{"start":{"line":240,"column":8},"end":{"line":240,"column":32}},"48":{"start":{"line":256,"column":8},"end":{"line":256,"column":60}},"49":{"start":{"line":257,"column":8},"end":{"line":257,"column":63}},"50":{"start":{"line":258,"column":8},"end":{"line":258,"column":78}},"51":{"start":{"line":259,"column":8},"end":{"line":259,"column":77}},"52":{"start":{"line":267,"column":8},"end":{"line":267,"column":50}},"53":{"start":{"line":268,"column":8},"end":{"line":268,"column":63}},"54":{"start":{"line":269,"column":8},"end":{"line":269,"column":58}},"55":{"start":{"line":282,"column":8},"end":{"line":282,"column":65}},"56":{"start":{"line":283,"column":8},"end":{"line":283,"column":53}},"57":{"start":{"line":284,"column":8},"end":{"line":284,"column":23}},"58":{"start":{"line":299,"column":8},"end":{"line":299,"column":20}},"59":{"start":{"line":306,"column":8},"end":{"line":306,"column":43}},"60":{"start":{"line":313,"column":8},"end":{"line":313,"column":31}},"61":{"start":{"line":325,"column":8},"end":{"line":325,"column":40}}},"branchMap":{"1":{"line":64,"type":"if","locations":[{"start":{"line":64,"column":8},"end":{"line":64,"column":8}},{"start":{"line":64,"column":8},"end":{"line":64,"column":8}}]},"2":{"line":84,"type":"if","locations":[{"start":{"line":84,"column":8},"end":{"line":84,"column":8}},{"start":{"line":84,"column":8},"end":{"line":84,"column":8}}]},"3":{"line":98,"type":"if","locations":[{"start":{"line":98,"column":8},"end":{"line":98,"column":8}},{"start":{"line":98,"column":8},"end":{"line":98,"column":8}}]},"4":{"line":110,"type":"if","locations":[{"start":{"line":110,"column":8},"end":{"line":110,"column":8}},{"start":{"line":110,"column":8},"end":{"line":110,"column":8}}]},"5":{"line":116,"type":"if","locations":[{"start":{"line":116,"column":12},"end":{"line":116,"column":12}},{"start":{"line":116,"column":12},"end":{"line":116,"column":12}}]},"6":{"line":133,"type":"if","locations":[{"start":{"line":133,"column":8},"end":{"line":133,"column":8}},{"start":{"line":133,"column":8},"end":{"line":133,"column":8}}]},"7":{"line":148,"type":"if","locations":[{"start":{"line":148,"column":8},"end":{"line":148,"column":8}},{"start":{"line":148,"column":8},"end":{"line":148,"column":8}}]},"8":{"line":168,"type":"if","locations":[{"start":{"line":168,"column":8},"end":{"line":168,"column":8}},{"start":{"line":168,"column":8},"end":{"line":168,"column":8}}]},"9":{"line":211,"type":"if","locations":[{"start":{"line":211,"column":8},"end":{"line":211,"column":8}},{"start":{"line":211,"column":8},"end":{"line":211,"column":8}}]},"10":{"line":231,"type":"if","locations":[{"start":{"line":231,"column":8},"end":{"line":231,"column":8}},{"start":{"line":231,"column":8},"end":{"line":231,"column":8}}]}}},"contracts\\connectors\\PrimitiveCore.sol":{"l":{"61":21,"80":61,"81":60,"82":60,"83":60,"84":52,"85":52,"111":13,"120":13,"121":11,"122":10,"141":53,"143":52,"145":52,"146":52,"149":52,"150":52,"168":58,"169":58,"170":58,"173":58,"178":57,"181":56,"183":51,"184":47,"185":47,"203":42,"205":42,"206":41,"207":33,"208":27,"209":24,"232":58,"233":58,"235":58,"237":57,"238":57,"245":55,"248":47,"249":42,"250":39},"path":"C:\\Users\\alexa\\OneDrive\\Documents\\Master\\Blockchain\\primitive-v1-connectors\\contracts\\connectors\\PrimitiveCore.sol","s":{"1":21,"2":61,"3":60,"4":60,"5":60,"6":52,"7":52,"8":13,"9":13,"10":11,"11":10,"12":53,"13":52,"14":52,"15":52,"16":52,"17":52,"18":58,"19":58,"20":58,"21":58,"22":57,"23":56,"24":51,"25":47,"26":47,"27":42,"28":42,"29":41,"30":33,"31":27,"32":24,"33":58,"34":58,"35":58,"36":57,"37":57,"38":55,"39":47,"40":42,"41":39},"b":{"1":[60,1],"2":[52,1],"3":[57,0]},"f":{"1":21,"2":61,"3":13,"4":53,"5":58,"6":42,"7":58},"fnMap":{"1":{"name":"constructor","line":59,"loc":{"start":{"line":57,"column":4},"end":{"line":62,"column":4}}},"2":{"name":"safeMintWithETH","line":77,"loc":{"start":{"line":72,"column":4},"end":{"line":86,"column":4}}},"3":{"name":"safeMintWithPermit","line":107,"loc":{"start":{"line":96,"column":4},"end":{"line":123,"column":4}}},"4":{"name":"safeExerciseWithETH","line":138,"loc":{"start":{"line":133,"column":4},"end":{"line":151,"column":4}}},"5":{"name":"safeExerciseForETH","line":165,"loc":{"start":{"line":161,"column":4},"end":{"line":186,"column":4}}},"6":{"name":"safeRedeemForETH","line":199,"loc":{"start":{"line":195,"column":4},"end":{"line":210,"column":4}}},"7":{"name":"safeCloseForETH","line":225,"loc":{"start":{"line":221,"column":4},"end":{"line":251,"column":4}}}},"statementMap":{"1":{"start":{"line":61,"column":8},"end":{"line":61,"column":38}},"2":{"start":{"line":80,"column":8},"end":{"line":80,"column":56}},"3":{"start":{"line":81,"column":8},"end":{"line":81,"column":36}},"4":{"start":{"line":82,"column":8},"end":{"line":82,"column":20}},"5":{"start":{"line":83,"column":8},"end":{"line":83,"column":83}},"6":{"start":{"line":84,"column":8},"end":{"line":84,"column":62}},"7":{"start":{"line":85,"column":8},"end":{"line":85,"column":28}},"8":{"start":{"line":111,"column":8},"end":{"line":111,"column":4713}},"9":{"start":{"line":120,"column":8},"end":{"line":120,"column":83}},"10":{"start":{"line":121,"column":8},"end":{"line":121,"column":67}},"11":{"start":{"line":122,"column":8},"end":{"line":122,"column":28}},"12":{"start":{"line":141,"column":8},"end":{"line":141,"column":52}},"13":{"start":{"line":143,"column":8},"end":{"line":143,"column":20}},"14":{"start":{"line":145,"column":8},"end":{"line":145,"column":81}},"15":{"start":{"line":146,"column":8},"end":{"line":146,"column":54}},"16":{"start":{"line":149,"column":8},"end":{"line":149,"column":63}},"17":{"start":{"line":150,"column":8},"end":{"line":150,"column":50}},"18":{"start":{"line":168,"column":8},"end":{"line":168,"column":68}},"19":{"start":{"line":169,"column":8},"end":{"line":169,"column":60}},"20":{"start":{"line":170,"column":8},"end":{"line":170,"column":7318}},"21":{"start":{"line":173,"column":8},"end":{"line":173,"column":7454}},"22":{"start":{"line":178,"column":8},"end":{"line":178,"column":82}},"23":{"start":{"line":181,"column":8},"end":{"line":181,"column":7842}},"24":{"start":{"line":183,"column":8},"end":{"line":183,"column":21}},"25":{"start":{"line":184,"column":8},"end":{"line":184,"column":75}},"26":{"start":{"line":185,"column":8},"end":{"line":185,"column":37}},"27":{"start":{"line":203,"column":8},"end":{"line":203,"column":50}},"28":{"start":{"line":205,"column":8},"end":{"line":205,"column":82}},"29":{"start":{"line":206,"column":8},"end":{"line":206,"column":69}},"30":{"start":{"line":207,"column":8},"end":{"line":207,"column":21}},"31":{"start":{"line":208,"column":8},"end":{"line":208,"column":72}},"32":{"start":{"line":209,"column":8},"end":{"line":209,"column":20}},"33":{"start":{"line":232,"column":8},"end":{"line":232,"column":50}},"34":{"start":{"line":233,"column":8},"end":{"line":233,"column":87}},"35":{"start":{"line":235,"column":8},"end":{"line":235,"column":73}},"36":{"start":{"line":237,"column":8},"end":{"line":237,"column":10513}},"37":{"start":{"line":238,"column":12},"end":{"line":238,"column":10572}},"38":{"start":{"line":245,"column":8},"end":{"line":245,"column":10853}},"39":{"start":{"line":248,"column":8},"end":{"line":248,"column":21}},"40":{"start":{"line":249,"column":8},"end":{"line":249,"column":69}},"41":{"start":{"line":250,"column":8},"end":{"line":250,"column":59}}},"branchMap":{"1":{"line":80,"type":"if","locations":[{"start":{"line":80,"column":8},"end":{"line":80,"column":8}},{"start":{"line":80,"column":8},"end":{"line":80,"column":8}}]},"2":{"line":141,"type":"if","locations":[{"start":{"line":141,"column":8},"end":{"line":141,"column":8}},{"start":{"line":141,"column":8},"end":{"line":141,"column":8}}]},"3":{"line":237,"type":"if","locations":[{"start":{"line":237,"column":8},"end":{"line":237,"column":8}},{"start":{"line":237,"column":8},"end":{"line":237,"column":8}}]}}},"contracts\\connectors\\PrimitiveLiquidity.sol":{"l":{"83":11,"84":11,"85":11,"119":44,"120":44,"121":44,"122":44,"124":44,"125":44,"126":44,"129":44,"130":44,"132":44,"134":44,"135":44,"136":44,"137":44,"138":44,"139":44,"140":44,"141":44,"143":44,"144":44,"146":44,"148":39,"150":39,"151":39,"152":39,"154":36,"155":34,"189":14,"191":14,"192":14,"193":14,"203":14,"237":14,"238":14,"248":14,"289":28,"294":28,"295":28,"296":28,"297":28,"298":28,"300":27,"302":27,"303":27,"305":27,"307":27,"308":27,"309":27,"310":27,"311":27,"312":27,"313":27,"314":27,"317":27,"318":27,"320":27,"321":25,"323":25,"324":25,"325":25,"327":23,"328":21,"358":71,"398":42,"399":42,"402":42,"403":42,"404":42,"405":42,"406":42,"407":42,"408":42,"410":42,"411":42,"413":36,"414":36,"415":12,"417":24,"419":33,"420":33,"421":28,"445":14,"446":14,"447":14,"448":14,"449":14,"450":14,"451":14,"452":14,"453":14,"454":14,"455":14,"456":14,"466":14,"496":42,"514":1,"521":1,"539":57,"540":57,"541":57,"542":57},"path":"C:\\Users\\alexa\\OneDrive\\Documents\\Master\\Blockchain\\primitive-v1-connectors\\contracts\\connectors\\PrimitiveLiquidity.sol","s":{"1":11,"2":11,"3":11,"4":44,"5":44,"6":44,"7":44,"8":44,"9":44,"10":44,"11":44,"12":44,"13":44,"14":44,"15":44,"16":44,"17":44,"18":44,"19":44,"20":44,"21":44,"22":44,"23":39,"24":39,"25":39,"26":39,"27":36,"28":34,"29":14,"30":14,"31":14,"32":14,"33":14,"34":14,"35":14,"36":28,"37":28,"38":28,"39":28,"40":28,"41":28,"42":27,"43":27,"44":27,"45":27,"46":27,"47":27,"48":27,"49":27,"50":27,"51":27,"52":27,"53":27,"54":27,"55":27,"56":25,"57":25,"58":25,"59":25,"60":23,"61":21,"62":71,"63":42,"64":42,"65":42,"66":42,"67":42,"68":42,"69":42,"70":42,"71":42,"72":42,"73":42,"74":36,"75":36,"76":12,"77":24,"78":33,"79":33,"80":28,"81":14,"82":14,"83":14,"84":14,"85":14,"86":14,"87":14,"88":14,"89":14,"90":14,"91":14,"92":14,"93":42,"94":1,"95":1,"96":57,"97":57,"98":57,"99":57},"b":{"1":[28,0],"2":[27,1],"3":[12,24]},"f":{"1":11,"2":44,"3":14,"4":14,"5":28,"6":71,"7":42,"8":14,"9":42,"10":1,"11":1,"12":57},"fnMap":{"1":{"name":"constructor","line":82,"loc":{"start":{"line":77,"column":4},"end":{"line":86,"column":4}}},"2":{"name":"addShortLiquidityWithUnderlying","line":112,"loc":{"start":{"line":101,"column":4},"end":{"line":156,"column":4}}},"3":{"name":"addShortLiquidityWithUnderlyingWithPermit","line":182,"loc":{"start":{"line":169,"column":4},"end":{"line":212,"column":4}}},"4":{"name":"addShortLiquidityWithUnderlyingWithDaiPermit","line":230,"loc":{"start":{"line":217,"column":4},"end":{"line":257,"column":4}}},"5":{"name":"addShortLiquidityWithETH","line":282,"loc":{"start":{"line":270,"column":4},"end":{"line":329,"column":4}}},"6":{"name":"_addLiquidity","line":346,"loc":{"start":{"line":346,"column":4},"end":{"line":369,"column":4}}},"7":{"name":"removeShortLiquidityThenCloseOptions","line":395,"loc":{"start":{"line":384,"column":4},"end":{"line":422,"column":4}}},"8":{"name":"removeShortLiquidityThenCloseOptionsWithPermit","line":444,"loc":{"start":{"line":434,"column":4},"end":{"line":475,"column":4}}},"9":{"name":"_removeLiquidity","line":491,"loc":{"start":{"line":491,"column":4},"end":{"line":506,"column":4}}},"10":{"name":"getRouter","line":513,"loc":{"start":{"line":513,"column":4},"end":{"line":515,"column":4}}},"11":{"name":"getFactory","line":520,"loc":{"start":{"line":520,"column":4},"end":{"line":522,"column":4}}},"12":{"name":"getOptionPair","line":529,"loc":{"start":{"line":529,"column":4},"end":{"line":543,"column":4}}}},"statementMap":{"1":{"start":{"line":83,"column":8},"end":{"line":83,"column":45}},"2":{"start":{"line":84,"column":8},"end":{"line":84,"column":44}},"3":{"start":{"line":85,"column":8},"end":{"line":85,"column":38}},"4":{"start":{"line":119,"column":8},"end":{"line":119,"column":23}},"5":{"start":{"line":120,"column":8},"end":{"line":120,"column":23}},"6":{"start":{"line":121,"column":8},"end":{"line":121,"column":25}},"7":{"start":{"line":122,"column":8},"end":{"line":122,"column":79}},"8":{"start":{"line":125,"column":12},"end":{"line":125,"column":57}},"9":{"start":{"line":126,"column":12},"end":{"line":126,"column":47}},"10":{"start":{"line":129,"column":8},"end":{"line":129,"column":70}},"11":{"start":{"line":130,"column":8},"end":{"line":130,"column":85}},"12":{"start":{"line":134,"column":12},"end":{"line":134,"column":56}},"13":{"start":{"line":135,"column":12},"end":{"line":135,"column":54}},"14":{"start":{"line":136,"column":12},"end":{"line":136,"column":36}},"15":{"start":{"line":137,"column":12},"end":{"line":137,"column":44}},"16":{"start":{"line":138,"column":12},"end":{"line":138,"column":41}},"17":{"start":{"line":139,"column":12},"end":{"line":139,"column":44}},"18":{"start":{"line":140,"column":12},"end":{"line":140,"column":41}},"19":{"start":{"line":141,"column":12},"end":{"line":141,"column":37}},"20":{"start":{"line":143,"column":12},"end":{"line":143,"column":50}},"21":{"start":{"line":144,"column":12},"end":{"line":144,"column":54}},"22":{"start":{"line":146,"column":12},"end":{"line":146,"column":84}},"23":{"start":{"line":148,"column":12},"end":{"line":148,"column":43}},"24":{"start":{"line":150,"column":12},"end":{"line":150,"column":40}},"25":{"start":{"line":151,"column":12},"end":{"line":151,"column":36}},"26":{"start":{"line":152,"column":12},"end":{"line":152,"column":50}},"27":{"start":{"line":154,"column":8},"end":{"line":154,"column":64}},"28":{"start":{"line":155,"column":8},"end":{"line":155,"column":44}},"29":{"start":{"line":191,"column":12},"end":{"line":191,"column":83}},"30":{"start":{"line":192,"column":12},"end":{"line":192,"column":57}},"31":{"start":{"line":193,"column":12},"end":{"line":193,"column":8368}},"32":{"start":{"line":203,"column":8},"end":{"line":203,"column":8620}},"33":{"start":{"line":237,"column":8},"end":{"line":237,"column":79}},"34":{"start":{"line":238,"column":8},"end":{"line":238,"column":9536}},"35":{"start":{"line":248,"column":8},"end":{"line":248,"column":9806}},"36":{"start":{"line":289,"column":8},"end":{"line":289,"column":11411}},"37":{"start":{"line":294,"column":8},"end":{"line":294,"column":23}},"38":{"start":{"line":295,"column":8},"end":{"line":295,"column":23}},"39":{"start":{"line":296,"column":8},"end":{"line":296,"column":25}},"40":{"start":{"line":297,"column":8},"end":{"line":297,"column":79}},"41":{"start":{"line":298,"column":8},"end":{"line":298,"column":76}},"42":{"start":{"line":300,"column":8},"end":{"line":300,"column":20}},"43":{"start":{"line":302,"column":8},"end":{"line":302,"column":70}},"44":{"start":{"line":303,"column":8},"end":{"line":303,"column":85}},"45":{"start":{"line":307,"column":12},"end":{"line":307,"column":56}},"46":{"start":{"line":308,"column":12},"end":{"line":308,"column":54}},"47":{"start":{"line":309,"column":12},"end":{"line":309,"column":36}},"48":{"start":{"line":310,"column":12},"end":{"line":310,"column":44}},"49":{"start":{"line":311,"column":12},"end":{"line":311,"column":41}},"50":{"start":{"line":312,"column":12},"end":{"line":312,"column":44}},"51":{"start":{"line":313,"column":12},"end":{"line":313,"column":41}},"52":{"start":{"line":314,"column":12},"end":{"line":314,"column":37}},"53":{"start":{"line":317,"column":12},"end":{"line":317,"column":50}},"54":{"start":{"line":318,"column":12},"end":{"line":318,"column":54}},"55":{"start":{"line":320,"column":12},"end":{"line":320,"column":84}},"56":{"start":{"line":321,"column":12},"end":{"line":321,"column":43}},"57":{"start":{"line":323,"column":12},"end":{"line":323,"column":25}},"58":{"start":{"line":324,"column":12},"end":{"line":324,"column":36}},"59":{"start":{"line":325,"column":12},"end":{"line":325,"column":50}},"60":{"start":{"line":327,"column":8},"end":{"line":327,"column":64}},"61":{"start":{"line":328,"column":8},"end":{"line":328,"column":44}},"62":{"start":{"line":358,"column":8},"end":{"line":358,"column":14164}},"63":{"start":{"line":398,"column":8},"end":{"line":398,"column":52}},"64":{"start":{"line":399,"column":8},"end":{"line":399,"column":16086}},"65":{"start":{"line":402,"column":8},"end":{"line":402,"column":35}},"66":{"start":{"line":403,"column":8},"end":{"line":403,"column":35}},"67":{"start":{"line":404,"column":8},"end":{"line":404,"column":37}},"68":{"start":{"line":405,"column":8},"end":{"line":405,"column":37}},"69":{"start":{"line":406,"column":8},"end":{"line":406,"column":33}},"70":{"start":{"line":407,"column":8},"end":{"line":407,"column":52}},"71":{"start":{"line":408,"column":8},"end":{"line":408,"column":53}},"72":{"start":{"line":410,"column":8},"end":{"line":410,"column":83}},"73":{"start":{"line":411,"column":8},"end":{"line":411,"column":63}},"74":{"start":{"line":413,"column":8},"end":{"line":413,"column":32}},"75":{"start":{"line":414,"column":8},"end":{"line":414,"column":16999}},"76":{"start":{"line":415,"column":12},"end":{"line":415,"column":25}},"77":{"start":{"line":417,"column":12},"end":{"line":417,"column":40}},"78":{"start":{"line":419,"column":8},"end":{"line":419,"column":62}},"79":{"start":{"line":420,"column":8},"end":{"line":420,"column":68}},"80":{"start":{"line":421,"column":8},"end":{"line":421,"column":18}},"81":{"start":{"line":445,"column":8},"end":{"line":445,"column":52}},"82":{"start":{"line":446,"column":8},"end":{"line":446,"column":38}},"83":{"start":{"line":447,"column":8},"end":{"line":447,"column":36}},"84":{"start":{"line":448,"column":8},"end":{"line":448,"column":40}},"85":{"start":{"line":449,"column":8},"end":{"line":449,"column":40}},"86":{"start":{"line":450,"column":8},"end":{"line":450,"column":24}},"87":{"start":{"line":452,"column":12},"end":{"line":452,"column":24}},"88":{"start":{"line":453,"column":12},"end":{"line":453,"column":26}},"89":{"start":{"line":454,"column":12},"end":{"line":454,"column":26}},"90":{"start":{"line":455,"column":12},"end":{"line":455,"column":66}},"91":{"start":{"line":456,"column":12},"end":{"line":456,"column":19070}},"92":{"start":{"line":466,"column":8},"end":{"line":466,"column":19313}},"93":{"start":{"line":496,"column":8},"end":{"line":496,"column":20283}},"94":{"start":{"line":514,"column":8},"end":{"line":514,"column":22}},"95":{"start":{"line":521,"column":8},"end":{"line":521,"column":23}},"96":{"start":{"line":539,"column":8},"end":{"line":539,"column":45}},"97":{"start":{"line":540,"column":8},"end":{"line":540,"column":63}},"98":{"start":{"line":541,"column":8},"end":{"line":541,"column":82}},"99":{"start":{"line":542,"column":8},"end":{"line":542,"column":41}}},"branchMap":{"1":{"line":289,"type":"if","locations":[{"start":{"line":289,"column":8},"end":{"line":289,"column":8}},{"start":{"line":289,"column":8},"end":{"line":289,"column":8}}]},"2":{"line":298,"type":"if","locations":[{"start":{"line":298,"column":8},"end":{"line":298,"column":8}},{"start":{"line":298,"column":8},"end":{"line":298,"column":8}}]},"3":{"line":414,"type":"if","locations":[{"start":{"line":414,"column":8},"end":{"line":414,"column":8}},{"start":{"line":414,"column":8},"end":{"line":414,"column":8}}]}}},"contracts\\connectors\\PrimitiveSwaps.sol":{"l":{"78":73,"79":73,"89":11,"90":11,"91":11,"111":30,"112":30,"127":15,"143":14,"144":14,"153":14,"168":8,"187":0,"189":0,"190":0,"207":0,"224":30,"225":30,"240":15,"257":0,"258":0,"275":0,"293":43,"294":43,"297":43,"299":43,"302":43,"304":29,"306":28,"308":26,"311":40,"312":40,"315":40,"316":39,"317":39,"318":39,"334":0,"335":0,"337":0,"339":0,"341":0,"344":0,"346":0,"348":0,"350":0,"352":0,"355":0,"356":0,"359":0,"360":0,"361":0,"376":30,"377":30,"380":30,"382":29,"384":28,"385":14,"388":28,"389":28,"391":28,"397":14,"398":13,"401":27,"403":14,"404":13,"406":26,"407":26,"422":0,"423":0,"425":0,"427":0,"429":0,"432":0,"433":0,"435":0,"441":0,"442":0,"445":0,"447":0,"448":0,"450":0,"451":0,"471":74,"472":74,"474":74,"475":38,"491":73,"498":73,"499":73,"500":73,"501":68,"513":1,"520":1,"538":148,"539":148,"540":148,"541":148,"561":0,"576":2},"path":"C:\\Users\\alexa\\OneDrive\\Documents\\Master\\Blockchain\\primitive-v1-connectors\\contracts\\connectors\\PrimitiveSwaps.sol","s":{"1":73,"2":11,"3":11,"4":11,"5":30,"6":30,"7":15,"8":14,"9":14,"10":14,"11":8,"12":0,"13":0,"14":0,"15":0,"16":30,"17":30,"18":15,"19":0,"20":0,"21":0,"22":43,"23":43,"24":43,"25":43,"26":43,"27":29,"28":28,"29":26,"30":40,"31":40,"32":40,"33":39,"34":39,"35":39,"36":0,"37":0,"38":0,"39":0,"40":0,"41":0,"42":0,"43":0,"44":0,"45":0,"46":0,"47":0,"48":0,"49":0,"50":0,"51":30,"52":30,"53":30,"54":29,"55":28,"56":14,"57":28,"58":28,"59":28,"60":14,"61":13,"62":27,"63":14,"64":13,"65":26,"66":26,"67":0,"68":0,"69":0,"70":0,"71":0,"72":0,"73":0,"74":0,"75":0,"76":0,"77":0,"78":0,"79":0,"80":0,"81":0,"82":74,"83":74,"84":74,"85":38,"86":73,"87":73,"88":73,"89":73,"90":68,"91":1,"92":1,"93":148,"94":148,"95":148,"96":148,"97":0,"98":2},"b":{"1":[73,0],"2":[0,0],"3":[29,14],"4":[28,1],"5":[40,0],"6":[0,0],"7":[0,0],"8":[0,0],"9":[0,0],"10":[14,14],"11":[28,0],"12":[14,14],"13":[13,1],"14":[14,13],"15":[13,1],"16":[0,0],"17":[0,0],"18":[0,0],"19":[0,0],"20":[0,0],"21":[0,0],"22":[73,0],"23":[65,3]},"f":{"1":73,"2":11,"3":30,"4":14,"5":0,"6":30,"7":0,"8":43,"9":0,"10":30,"11":0,"12":74,"13":73,"14":1,"15":1,"16":148,"17":0,"18":2},"fnMap":{"1":{"name":"onlySelf","line":77,"loc":{"start":{"line":77,"column":4},"end":{"line":80,"column":4}}},"2":{"name":"constructor","line":88,"loc":{"start":{"line":83,"column":4},"end":{"line":92,"column":4}}},"3":{"name":"openFlashLong","line":109,"loc":{"start":{"line":105,"column":4},"end":{"line":128,"column":4}}},"4":{"name":"openFlashLongWithPermit","line":141,"loc":{"start":{"line":133,"column":4},"end":{"line":169,"column":4}}},"5":{"name":"openFlashLongWithETH","line":184,"loc":{"start":{"line":179,"column":4},"end":{"line":208,"column":4}}},"6":{"name":"closeFlashLong","line":222,"loc":{"start":{"line":218,"column":4},"end":{"line":241,"column":4}}},"7":{"name":"closeFlashLongForETH","line":255,"loc":{"start":{"line":251,"column":4},"end":{"line":276,"column":4}}},"8":{"name":"flashMintShortOptionsThenSwap","line":292,"loc":{"start":{"line":288,"column":4},"end":{"line":319,"column":4}}},"9":{"name":"flashMintShortOptionsThenSwapWithETH","line":333,"loc":{"start":{"line":329,"column":4},"end":{"line":362,"column":4}}},"10":{"name":"flashCloseLongOptionsThenSwap","line":375,"loc":{"start":{"line":371,"column":4},"end":{"line":408,"column":4}}},"11":{"name":"flashCloseLongOptionsThenSwapForETH","line":421,"loc":{"start":{"line":417,"column":4},"end":{"line":452,"column":4}}},"12":{"name":"_flashSwap","line":464,"loc":{"start":{"line":464,"column":4},"end":{"line":476,"column":4}}},"13":{"name":"uniswapV2Call","line":485,"loc":{"start":{"line":485,"column":4},"end":{"line":505,"column":4}}},"14":{"name":"getRouter","line":512,"loc":{"start":{"line":512,"column":4},"end":{"line":514,"column":4}}},"15":{"name":"getFactory","line":519,"loc":{"start":{"line":519,"column":4},"end":{"line":521,"column":4}}},"16":{"name":"getOptionPair","line":528,"loc":{"start":{"line":528,"column":4},"end":{"line":542,"column":4}}},"17":{"name":"getOpenPremium","line":555,"loc":{"start":{"line":555,"column":4},"end":{"line":562,"column":4}}},"18":{"name":"getClosePremium","line":570,"loc":{"start":{"line":570,"column":4},"end":{"line":577,"column":4}}}},"statementMap":{"1":{"start":{"line":78,"column":8},"end":{"line":78,"column":73}},"2":{"start":{"line":89,"column":8},"end":{"line":89,"column":45}},"3":{"start":{"line":90,"column":8},"end":{"line":90,"column":44}},"4":{"start":{"line":91,"column":8},"end":{"line":91,"column":38}},"5":{"start":{"line":111,"column":8},"end":{"line":111,"column":80}},"6":{"start":{"line":112,"column":8},"end":{"line":112,"column":4528}},"7":{"start":{"line":127,"column":8},"end":{"line":127,"column":19}},"8":{"start":{"line":143,"column":8},"end":{"line":143,"column":80}},"9":{"start":{"line":144,"column":8},"end":{"line":144,"column":6034}},"10":{"start":{"line":153,"column":8},"end":{"line":153,"column":6249}},"11":{"start":{"line":168,"column":8},"end":{"line":168,"column":19}},"12":{"start":{"line":187,"column":8},"end":{"line":187,"column":53}},"13":{"start":{"line":189,"column":8},"end":{"line":189,"column":80}},"14":{"start":{"line":190,"column":8},"end":{"line":190,"column":8233}},"15":{"start":{"line":207,"column":8},"end":{"line":207,"column":19}},"16":{"start":{"line":224,"column":8},"end":{"line":224,"column":76}},"17":{"start":{"line":225,"column":8},"end":{"line":225,"column":10133}},"18":{"start":{"line":240,"column":8},"end":{"line":240,"column":19}},"19":{"start":{"line":257,"column":8},"end":{"line":257,"column":76}},"20":{"start":{"line":258,"column":8},"end":{"line":258,"column":11973}},"21":{"start":{"line":275,"column":8},"end":{"line":275,"column":19}},"22":{"start":{"line":293,"column":8},"end":{"line":293,"column":52}},"23":{"start":{"line":294,"column":8},"end":{"line":294,"column":13827}},"24":{"start":{"line":297,"column":8},"end":{"line":297,"column":32}},"25":{"start":{"line":299,"column":8},"end":{"line":299,"column":14096}},"26":{"start":{"line":302,"column":8},"end":{"line":302,"column":14281}},"27":{"start":{"line":304,"column":12},"end":{"line":304,"column":72}},"28":{"start":{"line":306,"column":12},"end":{"line":306,"column":51}},"29":{"start":{"line":308,"column":12},"end":{"line":308,"column":66}},"30":{"start":{"line":311,"column":8},"end":{"line":311,"column":14804}},"31":{"start":{"line":312,"column":12},"end":{"line":312,"column":68}},"32":{"start":{"line":315,"column":8},"end":{"line":315,"column":32}},"33":{"start":{"line":316,"column":8},"end":{"line":316,"column":39}},"34":{"start":{"line":317,"column":8},"end":{"line":317,"column":63}},"35":{"start":{"line":318,"column":8},"end":{"line":318,"column":34}},"36":{"start":{"line":334,"column":8},"end":{"line":334,"column":52}},"37":{"start":{"line":335,"column":8},"end":{"line":335,"column":16020}},"38":{"start":{"line":337,"column":8},"end":{"line":337,"column":72}},"39":{"start":{"line":339,"column":8},"end":{"line":339,"column":32}},"40":{"start":{"line":341,"column":8},"end":{"line":341,"column":16386}},"41":{"start":{"line":344,"column":8},"end":{"line":344,"column":16571}},"42":{"start":{"line":346,"column":12},"end":{"line":346,"column":72}},"43":{"start":{"line":348,"column":12},"end":{"line":348,"column":39}},"44":{"start":{"line":350,"column":12},"end":{"line":350,"column":70}},"45":{"start":{"line":352,"column":12},"end":{"line":352,"column":25}},"46":{"start":{"line":355,"column":8},"end":{"line":355,"column":17101}},"47":{"start":{"line":356,"column":12},"end":{"line":356,"column":68}},"48":{"start":{"line":359,"column":8},"end":{"line":359,"column":32}},"49":{"start":{"line":360,"column":8},"end":{"line":360,"column":39}},"50":{"start":{"line":361,"column":8},"end":{"line":361,"column":34}},"51":{"start":{"line":376,"column":8},"end":{"line":376,"column":52}},"52":{"start":{"line":377,"column":8},"end":{"line":377,"column":18225}},"53":{"start":{"line":380,"column":8},"end":{"line":380,"column":62}},"54":{"start":{"line":382,"column":8},"end":{"line":382,"column":18542}},"55":{"start":{"line":384,"column":8},"end":{"line":384,"column":18616}},"56":{"start":{"line":385,"column":12},"end":{"line":385,"column":47}},"57":{"start":{"line":388,"column":8},"end":{"line":388,"column":18756}},"58":{"start":{"line":389,"column":12},"end":{"line":389,"column":63}},"59":{"start":{"line":391,"column":8},"end":{"line":391,"column":18859}},"60":{"start":{"line":397,"column":12},"end":{"line":397,"column":74}},"61":{"start":{"line":398,"column":12},"end":{"line":398,"column":80}},"62":{"start":{"line":401,"column":8},"end":{"line":401,"column":19584}},"63":{"start":{"line":403,"column":12},"end":{"line":403,"column":70}},"64":{"start":{"line":404,"column":12},"end":{"line":404,"column":40}},"65":{"start":{"line":406,"column":8},"end":{"line":406,"column":72}},"66":{"start":{"line":407,"column":8},"end":{"line":407,"column":29}},"67":{"start":{"line":422,"column":8},"end":{"line":422,"column":52}},"68":{"start":{"line":423,"column":8},"end":{"line":423,"column":20780}},"69":{"start":{"line":425,"column":8},"end":{"line":425,"column":72}},"70":{"start":{"line":427,"column":8},"end":{"line":427,"column":33}},"71":{"start":{"line":429,"column":8},"end":{"line":429,"column":21145}},"72":{"start":{"line":432,"column":8},"end":{"line":432,"column":21270}},"73":{"start":{"line":433,"column":12},"end":{"line":433,"column":63}},"74":{"start":{"line":435,"column":8},"end":{"line":435,"column":21373}},"75":{"start":{"line":441,"column":12},"end":{"line":441,"column":74}},"76":{"start":{"line":442,"column":12},"end":{"line":442,"column":80}},"77":{"start":{"line":445,"column":8},"end":{"line":445,"column":22098}},"78":{"start":{"line":447,"column":12},"end":{"line":447,"column":70}},"79":{"start":{"line":448,"column":12},"end":{"line":448,"column":25}},"80":{"start":{"line":450,"column":8},"end":{"line":450,"column":72}},"81":{"start":{"line":451,"column":8},"end":{"line":451,"column":29}},"82":{"start":{"line":471,"column":8},"end":{"line":471,"column":64}},"83":{"start":{"line":472,"column":8},"end":{"line":472,"column":64}},"84":{"start":{"line":474,"column":8},"end":{"line":474,"column":63}},"85":{"start":{"line":475,"column":8},"end":{"line":475,"column":19}},"86":{"start":{"line":491,"column":8},"end":{"line":491,"column":24245}},"87":{"start":{"line":498,"column":8},"end":{"line":498,"column":69}},"88":{"start":{"line":499,"column":8},"end":{"line":499,"column":74}},"89":{"start":{"line":500,"column":8},"end":{"line":500,"column":87}},"90":{"start":{"line":501,"column":8},"end":{"line":501,"column":24827}},"91":{"start":{"line":513,"column":8},"end":{"line":513,"column":22}},"92":{"start":{"line":520,"column":8},"end":{"line":520,"column":23}},"93":{"start":{"line":538,"column":8},"end":{"line":538,"column":45}},"94":{"start":{"line":539,"column":8},"end":{"line":539,"column":63}},"95":{"start":{"line":540,"column":8},"end":{"line":540,"column":82}},"96":{"start":{"line":541,"column":8},"end":{"line":541,"column":41}},"97":{"start":{"line":561,"column":8},"end":{"line":561,"column":70}},"98":{"start":{"line":576,"column":8},"end":{"line":576,"column":71}}},"branchMap":{"1":{"line":78,"type":"if","locations":[{"start":{"line":78,"column":8},"end":{"line":78,"column":8}},{"start":{"line":78,"column":8},"end":{"line":78,"column":8}}]},"2":{"line":187,"type":"if","locations":[{"start":{"line":187,"column":8},"end":{"line":187,"column":8}},{"start":{"line":187,"column":8},"end":{"line":187,"column":8}}]},"3":{"line":302,"type":"if","locations":[{"start":{"line":302,"column":8},"end":{"line":302,"column":8}},{"start":{"line":302,"column":8},"end":{"line":302,"column":8}}]},"4":{"line":304,"type":"if","locations":[{"start":{"line":304,"column":12},"end":{"line":304,"column":12}},{"start":{"line":304,"column":12},"end":{"line":304,"column":12}}]},"5":{"line":311,"type":"if","locations":[{"start":{"line":311,"column":8},"end":{"line":311,"column":8}},{"start":{"line":311,"column":8},"end":{"line":311,"column":8}}]},"6":{"line":337,"type":"if","locations":[{"start":{"line":337,"column":8},"end":{"line":337,"column":8}},{"start":{"line":337,"column":8},"end":{"line":337,"column":8}}]},"7":{"line":344,"type":"if","locations":[{"start":{"line":344,"column":8},"end":{"line":344,"column":8}},{"start":{"line":344,"column":8},"end":{"line":344,"column":8}}]},"8":{"line":346,"type":"if","locations":[{"start":{"line":346,"column":12},"end":{"line":346,"column":12}},{"start":{"line":346,"column":12},"end":{"line":346,"column":12}}]},"9":{"line":355,"type":"if","locations":[{"start":{"line":355,"column":8},"end":{"line":355,"column":8}},{"start":{"line":355,"column":8},"end":{"line":355,"column":8}}]},"10":{"line":384,"type":"if","locations":[{"start":{"line":384,"column":8},"end":{"line":384,"column":8}},{"start":{"line":384,"column":8},"end":{"line":384,"column":8}}]},"11":{"line":388,"type":"if","locations":[{"start":{"line":388,"column":8},"end":{"line":388,"column":8}},{"start":{"line":388,"column":8},"end":{"line":388,"column":8}}]},"12":{"line":391,"type":"if","locations":[{"start":{"line":391,"column":8},"end":{"line":391,"column":8}},{"start":{"line":391,"column":8},"end":{"line":391,"column":8}}]},"13":{"line":397,"type":"if","locations":[{"start":{"line":397,"column":12},"end":{"line":397,"column":12}},{"start":{"line":397,"column":12},"end":{"line":397,"column":12}}]},"14":{"line":401,"type":"if","locations":[{"start":{"line":401,"column":8},"end":{"line":401,"column":8}},{"start":{"line":401,"column":8},"end":{"line":401,"column":8}}]},"15":{"line":403,"type":"if","locations":[{"start":{"line":403,"column":12},"end":{"line":403,"column":12}},{"start":{"line":403,"column":12},"end":{"line":403,"column":12}}]},"16":{"line":425,"type":"if","locations":[{"start":{"line":425,"column":8},"end":{"line":425,"column":8}},{"start":{"line":425,"column":8},"end":{"line":425,"column":8}}]},"17":{"line":432,"type":"if","locations":[{"start":{"line":432,"column":8},"end":{"line":432,"column":8}},{"start":{"line":432,"column":8},"end":{"line":432,"column":8}}]},"18":{"line":435,"type":"if","locations":[{"start":{"line":435,"column":8},"end":{"line":435,"column":8}},{"start":{"line":435,"column":8},"end":{"line":435,"column":8}}]},"19":{"line":441,"type":"if","locations":[{"start":{"line":441,"column":12},"end":{"line":441,"column":12}},{"start":{"line":441,"column":12},"end":{"line":441,"column":12}}]},"20":{"line":445,"type":"if","locations":[{"start":{"line":445,"column":8},"end":{"line":445,"column":8}},{"start":{"line":445,"column":8},"end":{"line":445,"column":8}}]},"21":{"line":447,"type":"if","locations":[{"start":{"line":447,"column":12},"end":{"line":447,"column":12}},{"start":{"line":447,"column":12},"end":{"line":447,"column":12}}]},"22":{"line":498,"type":"if","locations":[{"start":{"line":498,"column":8},"end":{"line":498,"column":8}},{"start":{"line":498,"column":8},"end":{"line":498,"column":8}}]},"23":{"line":501,"type":"if","locations":[{"start":{"line":501,"column":8},"end":{"line":501,"column":8}},{"start":{"line":501,"column":8},"end":{"line":501,"column":8}}]}}},"contracts\\interfaces\\IERC20Permit.sol":{"l":{},"path":"C:\\Users\\alexa\\OneDrive\\Documents\\Master\\Blockchain\\primitive-v1-connectors\\contracts\\interfaces\\IERC20Permit.sol","s":{},"b":{},"f":{},"fnMap":{},"statementMap":{},"branchMap":{}},"contracts\\interfaces\\IPrimitiveConnector.sol":{"l":{},"path":"C:\\Users\\alexa\\OneDrive\\Documents\\Master\\Blockchain\\primitive-v1-connectors\\contracts\\interfaces\\IPrimitiveConnector.sol","s":{},"b":{},"f":{},"fnMap":{},"statementMap":{},"branchMap":{}},"contracts\\interfaces\\IPrimitiveCore.sol":{"l":{},"path":"C:\\Users\\alexa\\OneDrive\\Documents\\Master\\Blockchain\\primitive-v1-connectors\\contracts\\interfaces\\IPrimitiveCore.sol","s":{},"b":{},"f":{},"fnMap":{},"statementMap":{},"branchMap":{}},"contracts\\interfaces\\IPrimitiveLiquidity.sol":{"l":{},"path":"C:\\Users\\alexa\\OneDrive\\Documents\\Master\\Blockchain\\primitive-v1-connectors\\contracts\\interfaces\\IPrimitiveLiquidity.sol","s":{},"b":{},"f":{},"fnMap":{},"statementMap":{},"branchMap":{}},"contracts\\interfaces\\IPrimitiveRouter.sol":{"l":{},"path":"C:\\Users\\alexa\\OneDrive\\Documents\\Master\\Blockchain\\primitive-v1-connectors\\contracts\\interfaces\\IPrimitiveRouter.sol","s":{},"b":{},"f":{},"fnMap":{},"statementMap":{},"branchMap":{}},"contracts\\interfaces\\IPrimitiveSwaps.sol":{"l":{},"path":"C:\\Users\\alexa\\OneDrive\\Documents\\Master\\Blockchain\\primitive-v1-connectors\\contracts\\interfaces\\IPrimitiveSwaps.sol","s":{},"b":{},"f":{},"fnMap":{},"statementMap":{},"branchMap":{}},"contracts\\interfaces\\IWETH.sol":{"l":{},"path":"C:\\Users\\alexa\\OneDrive\\Documents\\Master\\Blockchain\\primitive-v1-connectors\\contracts\\interfaces\\IWETH.sol","s":{},"b":{},"f":{},"fnMap":{},"statementMap":{},"branchMap":{}},"contracts\\libraries\\CoreLib.sol":{"l":{"49":180,"64":202},"path":"C:\\Users\\alexa\\OneDrive\\Documents\\Master\\Blockchain\\primitive-v1-connectors\\contracts\\libraries\\CoreLib.sol","s":{"1":180,"2":202},"b":{},"f":{"1":180,"2":202},"fnMap":{"1":{"name":"getProportionalLongOptions","line":44,"loc":{"start":{"line":44,"column":4},"end":{"line":50,"column":4}}},"2":{"name":"getProportionalShortOptions","line":59,"loc":{"start":{"line":59,"column":4},"end":{"line":65,"column":4}}}},"statementMap":{"1":{"start":{"line":49,"column":8},"end":{"line":49,"column":85}},"2":{"start":{"line":64,"column":8},"end":{"line":64,"column":84}}},"branchMap":{}},"contracts\\libraries\\SwapsLib.sol":{"l":{"60":29,"64":28,"65":28,"66":14,"68":28,"85":43,"88":43,"91":43,"92":14,"94":43,"122":43,"123":43,"124":43,"128":43,"134":43,"142":43,"150":43,"151":43,"153":43,"156":43,"162":43,"172":29,"175":29,"180":43,"203":31,"204":31,"205":31,"206":30,"210":30,"219":30,"227":30,"229":30,"232":30,"237":30,"245":30,"246":15,"248":30},"path":"C:\\Users\\alexa\\OneDrive\\Documents\\Master\\Blockchain\\primitive-v1-connectors\\contracts\\libraries\\SwapsLib.sol","s":{"1":29,"2":28,"3":28,"4":14,"5":28,"6":43,"7":43,"8":43,"9":14,"10":43,"11":43,"12":43,"13":43,"14":43,"15":43,"16":43,"17":43,"18":43,"19":43,"20":43,"21":43,"22":29,"23":29,"24":43,"25":31,"26":31,"27":31,"28":30,"29":30,"30":30,"31":30,"32":30,"33":30,"34":30,"35":30,"36":15,"37":30},"b":{"1":[14,14],"2":[14,29],"3":[29,14],"4":[15,15]},"f":{"1":29,"2":43,"3":43,"4":31},"fnMap":{"1":{"name":"repayClose","line":45,"loc":{"start":{"line":45,"column":4},"end":{"line":69,"column":4}}},"2":{"name":"repayOpen","line":77,"loc":{"start":{"line":77,"column":4},"end":{"line":95,"column":4}}},"3":{"name":"getOpenPremium","line":108,"loc":{"start":{"line":108,"column":4},"end":{"line":181,"column":4}}},"4":{"name":"getClosePremium","line":189,"loc":{"start":{"line":189,"column":4},"end":{"line":249,"column":4}}}},"statementMap":{"1":{"start":{"line":60,"column":8},"end":{"line":60,"column":2517}},"2":{"start":{"line":64,"column":8},"end":{"line":64,"column":84}},"3":{"start":{"line":65,"column":8},"end":{"line":65,"column":2771}},"4":{"start":{"line":66,"column":12},"end":{"line":66,"column":34}},"5":{"start":{"line":68,"column":8},"end":{"line":68,"column":42}},"6":{"start":{"line":85,"column":8},"end":{"line":85,"column":3835}},"7":{"start":{"line":88,"column":8},"end":{"line":88,"column":3969}},"8":{"start":{"line":91,"column":8},"end":{"line":91,"column":4015}},"9":{"start":{"line":92,"column":12},"end":{"line":92,"column":58}},"10":{"start":{"line":94,"column":8},"end":{"line":94,"column":39}},"11":{"start":{"line":122,"column":8},"end":{"line":122,"column":48}},"12":{"start":{"line":123,"column":8},"end":{"line":123,"column":42}},"13":{"start":{"line":124,"column":8},"end":{"line":124,"column":56}},"14":{"start":{"line":128,"column":8},"end":{"line":128,"column":5812}},"15":{"start":{"line":134,"column":8},"end":{"line":134,"column":42}},"16":{"start":{"line":142,"column":8},"end":{"line":142,"column":47}},"17":{"start":{"line":150,"column":8},"end":{"line":150,"column":72}},"18":{"start":{"line":151,"column":8},"end":{"line":151,"column":46}},"19":{"start":{"line":153,"column":8},"end":{"line":153,"column":7759}},"20":{"start":{"line":156,"column":8},"end":{"line":156,"column":7944}},"21":{"start":{"line":162,"column":8},"end":{"line":162,"column":8252}},"22":{"start":{"line":172,"column":12},"end":{"line":172,"column":89}},"23":{"start":{"line":175,"column":12},"end":{"line":175,"column":9274}},"24":{"start":{"line":180,"column":8},"end":{"line":180,"column":76}},"25":{"start":{"line":203,"column":8},"end":{"line":203,"column":48}},"26":{"start":{"line":204,"column":8},"end":{"line":204,"column":56}},"27":{"start":{"line":205,"column":8},"end":{"line":205,"column":42}},"28":{"start":{"line":206,"column":8},"end":{"line":206,"column":10439}},"29":{"start":{"line":210,"column":8},"end":{"line":210,"column":29}},"30":{"start":{"line":219,"column":8},"end":{"line":219,"column":32}},"31":{"start":{"line":227,"column":8},"end":{"line":227,"column":72}},"32":{"start":{"line":229,"column":8},"end":{"line":229,"column":50}},"33":{"start":{"line":232,"column":8},"end":{"line":232,"column":12294}},"34":{"start":{"line":237,"column":8},"end":{"line":237,"column":12538}},"35":{"start":{"line":245,"column":8},"end":{"line":245,"column":13009}},"36":{"start":{"line":246,"column":12},"end":{"line":246,"column":50}},"37":{"start":{"line":248,"column":8},"end":{"line":248,"column":48}}},"branchMap":{"1":{"line":65,"type":"if","locations":[{"start":{"line":65,"column":8},"end":{"line":65,"column":8}},{"start":{"line":65,"column":8},"end":{"line":65,"column":8}}]},"2":{"line":91,"type":"if","locations":[{"start":{"line":91,"column":8},"end":{"line":91,"column":8}},{"start":{"line":91,"column":8},"end":{"line":91,"column":8}}]},"3":{"line":162,"type":"if","locations":[{"start":{"line":162,"column":8},"end":{"line":162,"column":8}},{"start":{"line":162,"column":8},"end":{"line":162,"column":8}}]},"4":{"line":245,"type":"if","locations":[{"start":{"line":245,"column":8},"end":{"line":245,"column":8}},{"start":{"line":245,"column":8},"end":{"line":245,"column":8}}]}}},"contracts\\PrimitiveRouter.sol":{"l":{"51":482,"52":482,"89":528,"90":528,"91":528,"92":528,"93":528,"94":520,"100":17,"101":17,"102":17,"103":17,"104":17,"113":1,"114":0,"116":1,"133":16,"134":16,"135":34,"136":34,"137":34,"139":16,"140":16,"155":19,"156":19,"157":19,"158":57,"159":57,"160":57,"162":19,"163":19,"172":34,"198":166,"203":164,"217":362,"222":356,"238":482,"239":482,"240":482,"241":482,"242":290,"243":290,"244":290,"250":0,"259":0,"266":0,"273":1410,"280":0,"288":597,"301":0,"311":0},"path":"C:\\Users\\alexa\\OneDrive\\Documents\\Master\\Blockchain\\primitive-v1-connectors\\contracts\\PrimitiveRouter.sol","s":{"1":482,"2":482,"3":528,"4":528,"5":528,"6":528,"7":520,"8":17,"9":17,"10":17,"11":17,"12":17,"13":1,"14":0,"15":1,"16":16,"17":16,"18":34,"19":34,"20":34,"21":16,"22":16,"23":19,"24":19,"25":19,"26":57,"27":57,"28":57,"29":19,"30":19,"31":34,"32":166,"33":164,"34":362,"35":356,"36":482,"37":482,"38":482,"39":482,"40":290,"41":290,"42":290,"43":0,"44":0,"45":1410,"46":0,"47":597,"48":0,"49":0},"b":{"1":[290,192],"2":[528,0],"3":[528,0],"4":[528,0],"5":[17,0],"6":[0,1],"7":[34,0],"8":[19,0],"9":[482,0]},"f":{"1":482,"2":528,"3":17,"4":1,"5":16,"6":19,"7":34,"8":166,"9":362,"10":482,"11":0,"12":0,"13":1410,"14":0,"15":597,"16":0,"17":0},"fnMap":{"1":{"name":"executeCall","line":50,"loc":{"start":{"line":50,"column":4},"end":{"line":53,"column":4}}},"2":{"name":"isExec","line":88,"loc":{"start":{"line":88,"column":4},"end":{"line":95,"column":4}}},"3":{"name":"constructor","line":99,"loc":{"start":{"line":99,"column":4},"end":{"line":105,"column":4}}},"4":{"name":"halt","line":112,"loc":{"start":{"line":112,"column":4},"end":{"line":118,"column":4}}},"5":{"name":"setRegisteredOptions","line":128,"loc":{"start":{"line":128,"column":4},"end":{"line":141,"column":4}}},"6":{"name":"setRegisteredConnectors","line":152,"loc":{"start":{"line":149,"column":4},"end":{"line":164,"column":4}}},"7":{"name":"isFromPrimitiveRegistry","line":171,"loc":{"start":{"line":171,"column":4},"end":{"line":181,"column":4}}},"8":{"name":"transferFromCaller","line":195,"loc":{"start":{"line":191,"column":4},"end":{"line":204,"column":4}}},"9":{"name":"transferFromCallerToReceiver","line":216,"loc":{"start":{"line":212,"column":4},"end":{"line":223,"column":4}}},"10":{"name":"executeCall","line":236,"loc":{"start":{"line":232,"column":4},"end":{"line":245,"column":4}}},"11":{"name":"getWeth","line":258,"loc":{"start":{"line":258,"column":4},"end":{"line":260,"column":4}}},"12":{"name":"getRoute","line":265,"loc":{"start":{"line":265,"column":4},"end":{"line":267,"column":4}}},"13":{"name":"getCaller","line":272,"loc":{"start":{"line":272,"column":4},"end":{"line":274,"column":4}}},"14":{"name":"getRegistry","line":279,"loc":{"start":{"line":279,"column":4},"end":{"line":281,"column":4}}},"15":{"name":"getRegisteredOption","line":287,"loc":{"start":{"line":287,"column":4},"end":{"line":289,"column":4}}},"16":{"name":"getRegisteredConnector","line":295,"loc":{"start":{"line":295,"column":4},"end":{"line":302,"column":4}}},"17":{"name":"apiVersion","line":310,"loc":{"start":{"line":310,"column":4},"end":{"line":312,"column":4}}}},"statementMap":{"1":{"start":{"line":51,"column":8},"end":{"line":51,"column":86}},"2":{"start":{"line":52,"column":8},"end":{"line":52,"column":48}},"3":{"start":{"line":89,"column":8},"end":{"line":89,"column":67}},"4":{"start":{"line":90,"column":8},"end":{"line":90,"column":58}},"5":{"start":{"line":91,"column":8},"end":{"line":91,"column":51}},"6":{"start":{"line":92,"column":8},"end":{"line":92,"column":24}},"7":{"start":{"line":94,"column":8},"end":{"line":94,"column":25}},"8":{"start":{"line":100,"column":8},"end":{"line":100,"column":69}},"9":{"start":{"line":101,"column":8},"end":{"line":101,"column":27}},"10":{"start":{"line":102,"column":8},"end":{"line":102,"column":27}},"11":{"start":{"line":103,"column":8},"end":{"line":103,"column":39}},"12":{"start":{"line":104,"column":8},"end":{"line":104,"column":38}},"13":{"start":{"line":113,"column":8},"end":{"line":113,"column":4890}},"14":{"start":{"line":114,"column":12},"end":{"line":114,"column":21}},"15":{"start":{"line":116,"column":12},"end":{"line":116,"column":19}},"16":{"start":{"line":133,"column":8},"end":{"line":133,"column":44}},"17":{"start":{"line":134,"column":8},"end":{"line":134,"column":5583}},"18":{"start":{"line":135,"column":12},"end":{"line":135,"column":47}},"19":{"start":{"line":136,"column":12},"end":{"line":136,"column":83}},"20":{"start":{"line":137,"column":12},"end":{"line":137,"column":44}},"21":{"start":{"line":139,"column":8},"end":{"line":139,"column":47}},"22":{"start":{"line":140,"column":8},"end":{"line":140,"column":19}},"23":{"start":{"line":155,"column":8},"end":{"line":155,"column":39}},"24":{"start":{"line":156,"column":8},"end":{"line":156,"column":56}},"25":{"start":{"line":157,"column":8},"end":{"line":157,"column":6504}},"26":{"start":{"line":158,"column":12},"end":{"line":158,"column":45}},"27":{"start":{"line":159,"column":12},"end":{"line":159,"column":36}},"28":{"start":{"line":160,"column":12},"end":{"line":160,"column":52}},"29":{"start":{"line":162,"column":8},"end":{"line":162,"column":54}},"30":{"start":{"line":163,"column":8},"end":{"line":163,"column":19}},"31":{"start":{"line":172,"column":8},"end":{"line":172,"column":7131}},"32":{"start":{"line":198,"column":8},"end":{"line":198,"column":7950}},"33":{"start":{"line":203,"column":8},"end":{"line":203,"column":19}},"34":{"start":{"line":217,"column":8},"end":{"line":217,"column":8602}},"35":{"start":{"line":222,"column":8},"end":{"line":222,"column":19}},"36":{"start":{"line":238,"column":8},"end":{"line":238,"column":77}},"37":{"start":{"line":239,"column":8},"end":{"line":239,"column":29}},"38":{"start":{"line":240,"column":8},"end":{"line":240,"column":29}},"39":{"start":{"line":241,"column":8},"end":{"line":241,"column":42}},"40":{"start":{"line":242,"column":8},"end":{"line":242,"column":27}},"41":{"start":{"line":243,"column":8},"end":{"line":243,"column":30}},"42":{"start":{"line":244,"column":8},"end":{"line":244,"column":54}},"43":{"start":{"line":259,"column":8},"end":{"line":259,"column":20}},"44":{"start":{"line":266,"column":8},"end":{"line":266,"column":30}},"45":{"start":{"line":273,"column":8},"end":{"line":273,"column":22}},"46":{"start":{"line":280,"column":8},"end":{"line":280,"column":24}},"47":{"start":{"line":288,"column":8},"end":{"line":288,"column":41}},"48":{"start":{"line":301,"column":8},"end":{"line":301,"column":47}},"49":{"start":{"line":311,"column":8},"end":{"line":311,"column":22}}},"branchMap":{"1":{"line":52,"type":"if","locations":[{"start":{"line":52,"column":8},"end":{"line":52,"column":8}},{"start":{"line":52,"column":8},"end":{"line":52,"column":8}}]},"2":{"line":89,"type":"if","locations":[{"start":{"line":89,"column":8},"end":{"line":89,"column":8}},{"start":{"line":89,"column":8},"end":{"line":89,"column":8}}]},"3":{"line":90,"type":"if","locations":[{"start":{"line":90,"column":8},"end":{"line":90,"column":8}},{"start":{"line":90,"column":8},"end":{"line":90,"column":8}}]},"4":{"line":91,"type":"if","locations":[{"start":{"line":91,"column":8},"end":{"line":91,"column":8}},{"start":{"line":91,"column":8},"end":{"line":91,"column":8}}]},"5":{"line":100,"type":"if","locations":[{"start":{"line":100,"column":8},"end":{"line":100,"column":8}},{"start":{"line":100,"column":8},"end":{"line":100,"column":8}}]},"6":{"line":113,"type":"if","locations":[{"start":{"line":113,"column":8},"end":{"line":113,"column":8}},{"start":{"line":113,"column":8},"end":{"line":113,"column":8}}]},"7":{"line":136,"type":"if","locations":[{"start":{"line":136,"column":12},"end":{"line":136,"column":12}},{"start":{"line":136,"column":12},"end":{"line":136,"column":12}}]},"8":{"line":156,"type":"if","locations":[{"start":{"line":156,"column":8},"end":{"line":156,"column":8}},{"start":{"line":156,"column":8},"end":{"line":156,"column":8}}]},"9":{"line":238,"type":"if","locations":[{"start":{"line":238,"column":8},"end":{"line":238,"column":8}},{"start":{"line":238,"column":8},"end":{"line":238,"column":8}}]}}},"contracts\\test\\dai.sol":{"l":{"25":0,"29":0,"33":0,"34":0,"53":87,"57":96,"67":6,"68":6,"83":14,"91":69,"92":69,"93":27,"94":27,"96":69,"97":69,"98":69,"99":68,"106":9,"107":9,"108":9,"112":0,"113":0,"114":0,"115":0,"117":0,"118":0,"119":0,"123":32,"124":32,"125":32,"130":0,"134":0,"142":0,"156":14,"174":14,"175":14,"176":14,"177":14,"178":14,"179":14,"180":14},"path":"C:\\Users\\alexa\\OneDrive\\Documents\\Master\\Blockchain\\primitive-v1-connectors\\contracts\\test\\dai.sol","s":{"1":0,"2":0,"3":0,"4":87,"5":96,"6":6,"7":6,"8":14,"9":69,"10":69,"11":27,"12":27,"13":69,"14":69,"15":69,"16":68,"17":9,"18":9,"19":9,"20":0,"21":0,"22":0,"23":0,"24":0,"25":0,"26":0,"27":32,"28":32,"29":32,"30":0,"31":0,"32":0,"33":14,"34":14,"35":14,"36":14,"37":14,"38":14,"39":14,"40":14},"b":{"1":[0,0],"2":[87,0],"3":[96,0],"4":[69,0],"5":[27,42],"6":[27,0],"7":[0,0],"8":[0,0],"9":[0,0],"10":[14,0],"11":[14,0],"12":[14,0],"13":[14,0]},"f":{"1":0,"2":0,"3":0,"4":87,"5":96,"6":6,"7":14,"8":69,"9":9,"10":0,"11":32,"12":0,"13":0,"14":0,"15":14},"fnMap":{"1":{"name":"rely","line":24,"loc":{"start":{"line":24,"column":4},"end":{"line":26,"column":4}}},"2":{"name":"deny","line":28,"loc":{"start":{"line":28,"column":4},"end":{"line":30,"column":4}}},"3":{"name":"auth","line":32,"loc":{"start":{"line":32,"column":4},"end":{"line":35,"column":4}}},"4":{"name":"add","line":52,"loc":{"start":{"line":52,"column":4},"end":{"line":54,"column":4}}},"5":{"name":"sub","line":56,"loc":{"start":{"line":56,"column":4},"end":{"line":58,"column":4}}},"6":{"name":"constructor","line":66,"loc":{"start":{"line":66,"column":4},"end":{"line":79,"column":4}}},"7":{"name":"transfer","line":82,"loc":{"start":{"line":82,"column":4},"end":{"line":84,"column":4}}},"8":{"name":"transferFrom","line":86,"loc":{"start":{"line":86,"column":4},"end":{"line":100,"column":4}}},"9":{"name":"mint","line":105,"loc":{"start":{"line":105,"column":4},"end":{"line":109,"column":4}}},"10":{"name":"burn","line":111,"loc":{"start":{"line":111,"column":4},"end":{"line":120,"column":4}}},"11":{"name":"approve","line":122,"loc":{"start":{"line":122,"column":4},"end":{"line":126,"column":4}}},"12":{"name":"push","line":129,"loc":{"start":{"line":129,"column":4},"end":{"line":131,"column":4}}},"13":{"name":"pull","line":133,"loc":{"start":{"line":133,"column":4},"end":{"line":135,"column":4}}},"14":{"name":"move","line":137,"loc":{"start":{"line":137,"column":4},"end":{"line":143,"column":4}}},"15":{"name":"permit","line":146,"loc":{"start":{"line":146,"column":4},"end":{"line":181,"column":4}}}},"statementMap":{"1":{"start":{"line":25,"column":8},"end":{"line":25,"column":21}},"2":{"start":{"line":29,"column":8},"end":{"line":29,"column":21}},"3":{"start":{"line":33,"column":8},"end":{"line":33,"column":60}},"4":{"start":{"line":53,"column":8},"end":{"line":53,"column":32}},"5":{"start":{"line":57,"column":8},"end":{"line":57,"column":32}},"6":{"start":{"line":67,"column":8},"end":{"line":67,"column":28}},"7":{"start":{"line":68,"column":8},"end":{"line":68,"column":2435}},"8":{"start":{"line":83,"column":8},"end":{"line":83,"column":49}},"9":{"start":{"line":91,"column":8},"end":{"line":91,"column":65}},"10":{"start":{"line":92,"column":8},"end":{"line":92,"column":3183}},"11":{"start":{"line":93,"column":12},"end":{"line":93,"column":83}},"12":{"start":{"line":94,"column":12},"end":{"line":94,"column":76}},"13":{"start":{"line":96,"column":8},"end":{"line":96,"column":48}},"14":{"start":{"line":97,"column":8},"end":{"line":97,"column":48}},"15":{"start":{"line":98,"column":8},"end":{"line":98,"column":36}},"16":{"start":{"line":99,"column":8},"end":{"line":99,"column":19}},"17":{"start":{"line":106,"column":8},"end":{"line":106,"column":48}},"18":{"start":{"line":107,"column":8},"end":{"line":107,"column":42}},"19":{"start":{"line":108,"column":8},"end":{"line":108,"column":43}},"20":{"start":{"line":112,"column":8},"end":{"line":112,"column":65}},"21":{"start":{"line":113,"column":8},"end":{"line":113,"column":4110}},"22":{"start":{"line":114,"column":12},"end":{"line":114,"column":83}},"23":{"start":{"line":115,"column":12},"end":{"line":115,"column":76}},"24":{"start":{"line":117,"column":8},"end":{"line":117,"column":48}},"25":{"start":{"line":118,"column":8},"end":{"line":118,"column":42}},"26":{"start":{"line":119,"column":8},"end":{"line":119,"column":43}},"27":{"start":{"line":123,"column":8},"end":{"line":123,"column":39}},"28":{"start":{"line":124,"column":8},"end":{"line":124,"column":43}},"29":{"start":{"line":125,"column":8},"end":{"line":125,"column":19}},"30":{"start":{"line":130,"column":8},"end":{"line":130,"column":41}},"31":{"start":{"line":134,"column":8},"end":{"line":134,"column":41}},"32":{"start":{"line":142,"column":8},"end":{"line":142,"column":34}},"33":{"start":{"line":156,"column":8},"end":{"line":156,"column":5368}},"34":{"start":{"line":174,"column":8},"end":{"line":174,"column":61}},"35":{"start":{"line":175,"column":8},"end":{"line":175,"column":74}},"36":{"start":{"line":176,"column":8},"end":{"line":176,"column":66}},"37":{"start":{"line":177,"column":8},"end":{"line":177,"column":62}},"38":{"start":{"line":178,"column":8},"end":{"line":178,"column":47}},"39":{"start":{"line":179,"column":8},"end":{"line":179,"column":39}},"40":{"start":{"line":180,"column":8},"end":{"line":180,"column":43}}},"branchMap":{"1":{"line":33,"type":"if","locations":[{"start":{"line":33,"column":8},"end":{"line":33,"column":8}},{"start":{"line":33,"column":8},"end":{"line":33,"column":8}}]},"2":{"line":53,"type":"if","locations":[{"start":{"line":53,"column":8},"end":{"line":53,"column":8}},{"start":{"line":53,"column":8},"end":{"line":53,"column":8}}]},"3":{"line":57,"type":"if","locations":[{"start":{"line":57,"column":8},"end":{"line":57,"column":8}},{"start":{"line":57,"column":8},"end":{"line":57,"column":8}}]},"4":{"line":91,"type":"if","locations":[{"start":{"line":91,"column":8},"end":{"line":91,"column":8}},{"start":{"line":91,"column":8},"end":{"line":91,"column":8}}]},"5":{"line":92,"type":"if","locations":[{"start":{"line":92,"column":8},"end":{"line":92,"column":8}},{"start":{"line":92,"column":8},"end":{"line":92,"column":8}}]},"6":{"line":93,"type":"if","locations":[{"start":{"line":93,"column":12},"end":{"line":93,"column":12}},{"start":{"line":93,"column":12},"end":{"line":93,"column":12}}]},"7":{"line":112,"type":"if","locations":[{"start":{"line":112,"column":8},"end":{"line":112,"column":8}},{"start":{"line":112,"column":8},"end":{"line":112,"column":8}}]},"8":{"line":113,"type":"if","locations":[{"start":{"line":113,"column":8},"end":{"line":113,"column":8}},{"start":{"line":113,"column":8},"end":{"line":113,"column":8}}]},"9":{"line":114,"type":"if","locations":[{"start":{"line":114,"column":12},"end":{"line":114,"column":12}},{"start":{"line":114,"column":12},"end":{"line":114,"column":12}}]},"10":{"line":174,"type":"if","locations":[{"start":{"line":174,"column":8},"end":{"line":174,"column":8}},{"start":{"line":174,"column":8},"end":{"line":174,"column":8}}]},"11":{"line":175,"type":"if","locations":[{"start":{"line":175,"column":8},"end":{"line":175,"column":8}},{"start":{"line":175,"column":8},"end":{"line":175,"column":8}}]},"12":{"line":176,"type":"if","locations":[{"start":{"line":176,"column":8},"end":{"line":176,"column":8}},{"start":{"line":176,"column":8},"end":{"line":176,"column":8}}]},"13":{"line":177,"type":"if","locations":[{"start":{"line":177,"column":8},"end":{"line":177,"column":8}},{"start":{"line":177,"column":8},"end":{"line":177,"column":8}}]}}},"contracts\\test\\lib.sol":{"l":{"26":0,"27":0},"path":"C:\\Users\\alexa\\OneDrive\\Documents\\Master\\Blockchain\\primitive-v1-connectors\\contracts\\test\\lib.sol","s":{},"b":{},"f":{"1":0},"fnMap":{"1":{"name":"note","line":25,"loc":{"start":{"line":25,"column":4},"end":{"line":44,"column":4}}}},"statementMap":{},"branchMap":{}},"contracts\\test\\PrimitiveRouterTest.sol":{"l":{},"path":"C:\\Users\\alexa\\OneDrive\\Documents\\Master\\Blockchain\\primitive-v1-connectors\\contracts\\test\\PrimitiveRouterTest.sol","s":{},"b":{},"f":{"1":3},"fnMap":{"1":{"name":"constructor","line":38,"loc":{"start":{"line":33,"column":4},"end":{"line":38,"column":48}}}},"statementMap":{},"branchMap":{}},"contracts\\test\\TestERC20.sol":{"l":{"58":24,"59":24,"60":24,"61":24,"62":24,"65":24,"85":166,"86":166,"90":190,"91":190,"92":190,"96":0,"97":0,"98":0,"106":113,"107":113,"115":1206,"116":1203,"117":1200,"121":72,"122":72,"126":311,"127":306,"135":896,"136":865,"138":895,"139":893,"151":41,"152":41,"169":41,"170":41,"174":41},"path":"C:\\Users\\alexa\\OneDrive\\Documents\\Master\\Blockchain\\primitive-v1-connectors\\contracts\\test\\TestERC20.sol","s":{"1":24,"2":24,"3":24,"4":24,"5":24,"6":166,"7":166,"8":190,"9":190,"10":190,"11":0,"12":0,"13":0,"14":113,"15":113,"16":1206,"17":1203,"18":1200,"19":72,"20":72,"21":311,"22":306,"23":896,"24":865,"25":895,"26":893,"27":41,"28":41,"29":41,"30":41,"31":41},"b":{"1":[865,31],"2":[41,0],"3":[41,0]},"f":{"1":24,"2":166,"3":190,"4":0,"5":113,"6":1206,"7":72,"8":311,"9":896,"10":41},"fnMap":{"1":{"name":"constructor","line":53,"loc":{"start":{"line":53,"column":4},"end":{"line":76,"column":4}}},"2":{"name":"mint","line":84,"loc":{"start":{"line":84,"column":4},"end":{"line":87,"column":4}}},"3":{"name":"_mint","line":89,"loc":{"start":{"line":89,"column":4},"end":{"line":93,"column":4}}},"4":{"name":"_burn","line":95,"loc":{"start":{"line":95,"column":4},"end":{"line":99,"column":4}}},"5":{"name":"_approve","line":101,"loc":{"start":{"line":101,"column":4},"end":{"line":108,"column":4}}},"6":{"name":"_transfer","line":110,"loc":{"start":{"line":110,"column":4},"end":{"line":118,"column":4}}},"7":{"name":"approve","line":120,"loc":{"start":{"line":120,"column":4},"end":{"line":123,"column":4}}},"8":{"name":"transfer","line":125,"loc":{"start":{"line":125,"column":4},"end":{"line":128,"column":4}}},"9":{"name":"transferFrom","line":130,"loc":{"start":{"line":130,"column":4},"end":{"line":140,"column":4}}},"10":{"name":"permit","line":142,"loc":{"start":{"line":142,"column":4},"end":{"line":175,"column":4}}}},"statementMap":{"1":{"start":{"line":58,"column":8},"end":{"line":58,"column":19}},"2":{"start":{"line":59,"column":8},"end":{"line":59,"column":23}},"3":{"start":{"line":60,"column":8},"end":{"line":60,"column":39}},"4":{"start":{"line":61,"column":8},"end":{"line":61,"column":23}},"5":{"start":{"line":65,"column":8},"end":{"line":65,"column":2635}},"6":{"start":{"line":85,"column":8},"end":{"line":85,"column":23}},"7":{"start":{"line":86,"column":8},"end":{"line":86,"column":19}},"8":{"start":{"line":90,"column":8},"end":{"line":90,"column":43}},"9":{"start":{"line":91,"column":8},"end":{"line":91,"column":47}},"10":{"start":{"line":92,"column":8},"end":{"line":92,"column":44}},"11":{"start":{"line":96,"column":8},"end":{"line":96,"column":51}},"12":{"start":{"line":97,"column":8},"end":{"line":97,"column":43}},"13":{"start":{"line":98,"column":8},"end":{"line":98,"column":46}},"14":{"start":{"line":106,"column":8},"end":{"line":106,"column":40}},"15":{"start":{"line":107,"column":8},"end":{"line":107,"column":44}},"16":{"start":{"line":115,"column":8},"end":{"line":115,"column":51}},"17":{"start":{"line":116,"column":8},"end":{"line":116,"column":47}},"18":{"start":{"line":117,"column":8},"end":{"line":117,"column":38}},"19":{"start":{"line":121,"column":8},"end":{"line":121,"column":43}},"20":{"start":{"line":122,"column":8},"end":{"line":122,"column":19}},"21":{"start":{"line":126,"column":8},"end":{"line":126,"column":39}},"22":{"start":{"line":127,"column":8},"end":{"line":127,"column":19}},"23":{"start":{"line":135,"column":8},"end":{"line":135,"column":4750}},"24":{"start":{"line":136,"column":12},"end":{"line":136,"column":79}},"25":{"start":{"line":138,"column":8},"end":{"line":138,"column":33}},"26":{"start":{"line":139,"column":8},"end":{"line":139,"column":19}},"27":{"start":{"line":151,"column":8},"end":{"line":151,"column":65}},"28":{"start":{"line":152,"column":8},"end":{"line":152,"column":5243}},"29":{"start":{"line":169,"column":8},"end":{"line":169,"column":61}},"30":{"start":{"line":170,"column":8},"end":{"line":170,"column":5853}},"31":{"start":{"line":174,"column":8},"end":{"line":174,"column":38}}},"branchMap":{"1":{"line":135,"type":"if","locations":[{"start":{"line":135,"column":8},"end":{"line":135,"column":8}},{"start":{"line":135,"column":8},"end":{"line":135,"column":8}}]},"2":{"line":151,"type":"if","locations":[{"start":{"line":151,"column":8},"end":{"line":151,"column":8}},{"start":{"line":151,"column":8},"end":{"line":151,"column":8}}]},"3":{"line":170,"type":"if","locations":[{"start":{"line":170,"column":8},"end":{"line":170,"column":8}},{"start":{"line":170,"column":8},"end":{"line":170,"column":8}}]}}}}